DEBUG:root:Logging to sumo-launchd.log
INFO:root:Listening on port 9999
DEBUG:root:Connection from 127.0.0.1 on port 41196
DEBUG:root:Handling connection from 127.0.0.1 on port 41196
DEBUG:root:Got TraCI message of length 2
DEBUG:root:Got TraCI command of length 1
DEBUG:root:Got TraCI command 0x0
DEBUG:root:Got CMD_GETVERSION
DEBUG:root:Got TraCI message of length 292
DEBUG:root:Got TraCI command of length 287
DEBUG:root:Got TraCI command 0x75
DEBUG:root:Got CMD_FILE_SEND for "sumo-launchd.launch.xml"
DEBUG:root:Got CMD_FILE_SEND with data "<launch>
  <copy file="sanfrancisco.net.xml"/>
  <copy file="sanfrancisco.rou.xml"/>
  <copy file="sanfrancisco.poly.xml"/>
  <copy file="sanfrancisco.sumo.cfg" type="config"/>
  <basedir path="/home/prodatalab/francisco/"/>
  <seed value="0"/>
</launch>
"
DEBUG:root:Creating temporary directory...
DEBUG:root:Temporary dir is /tmp/sumo-launchd-tmp-jFREcZ
DEBUG:root:Base dir is /home/prodatalab/francisco/
DEBUG:root:Seed is 0
DEBUG:root:Finding free port number...
DEBUG:root:Claiming lock on port
DEBUG:root:...found port 49316
INFO:root:Starting SUMO (sumo-gui -c sanfrancisco.sumo.cfg) on port 49316, seed 0
DEBUG:root:Connecting to SUMO (sumo-gui -c sanfrancisco.sumo.cfg) on port 49316 (try 1)
DEBUG:root:Error ([Errno 111] Connection refused)
DEBUG:root:Connecting to SUMO (sumo-gui -c sanfrancisco.sumo.cfg) on port 49316 (try 2)
DEBUG:root:Releasing lock on port
DEBUG:root:Starting proxy mode
DEBUG:root:Done with proxy mode
DEBUG:root:Done with proxy mode, killing SUMO
DEBUG:root:SIGTERM
INFO:root:Done running SUMO
DEBUG:root:Cleaning up
DEBUG:root:Result: "<?xml version="1.0"?>
<status>
	<exit-code>-15</exit-code>
	<start>1408135764</start>
	<end>1408135789</end>
	<status>Exited with error code -15</status>
	<stdout><![CDATA[Loading configuration... done.
]]></stdout>
	<stderr><![CDATA[]]></stderr>
</status>
"
DEBUG:root:Closing connection from 127.0.0.1 on port 41196
DEBUG:root:Connection from 127.0.0.1 on port 41199
DEBUG:root:Handling connection from 127.0.0.1 on port 41199
DEBUG:root:Got TraCI message of length 2
DEBUG:root:Got TraCI command of length 1
DEBUG:root:Got TraCI command 0x0
DEBUG:root:Got CMD_GETVERSION
DEBUG:root:Got TraCI message of length 292
DEBUG:root:Got TraCI command of length 287
DEBUG:root:Got TraCI command 0x75
DEBUG:root:Got CMD_FILE_SEND for "sumo-launchd.launch.xml"
DEBUG:root:Got CMD_FILE_SEND with data "<launch>
  <copy file="sanfrancisco.net.xml"/>
  <copy file="sanfrancisco.rou.xml"/>
  <copy file="sanfrancisco.poly.xml"/>
  <copy file="sanfrancisco.sumo.cfg" type="config"/>
  <basedir path="/home/prodatalab/francisco/"/>
  <seed value="0"/>
</launch>
"
DEBUG:root:Creating temporary directory...
DEBUG:root:Temporary dir is /tmp/sumo-launchd-tmp-67CNiZ
DEBUG:root:Base dir is /home/prodatalab/francisco/
DEBUG:root:Seed is 0
DEBUG:root:Finding free port number...
DEBUG:root:Claiming lock on port
DEBUG:root:...found port 35801
INFO:root:Starting SUMO (sumo-gui -c sanfrancisco.sumo.cfg) on port 35801, seed 0
DEBUG:root:Connecting to SUMO (sumo-gui -c sanfrancisco.sumo.cfg) on port 35801 (try 1)
DEBUG:root:Error ([Errno 111] Connection refused)
DEBUG:root:Connecting to SUMO (sumo-gui -c sanfrancisco.sumo.cfg) on port 35801 (try 2)
DEBUG:root:Releasing lock on port
DEBUG:root:Starting proxy mode
DEBUG:root:Done with proxy mode
DEBUG:root:Done with proxy mode, killing SUMO
DEBUG:root:SIGTERM
INFO:root:Done running SUMO
DEBUG:root:Cleaning up
DEBUG:root:Result: "<?xml version="1.0"?>
<status>
	<exit-code>-15</exit-code>
	<start>1408135815</start>
	<end>1408136356</end>
	<status>Exited with error code -15</status>
	<stdout><![CDATA[Loading configuration... done.
]]></stdout>
	<stderr><![CDATA[]]></stderr>
</status>
"
DEBUG:root:Closing connection from 127.0.0.1 on port 41199
DEBUG:root:Connection from 127.0.0.1 on port 41211
DEBUG:root:Handling connection from 127.0.0.1 on port 41211
DEBUG:root:Got TraCI message of length 2
DEBUG:root:Got TraCI command of length 1
DEBUG:root:Got TraCI command 0x0
DEBUG:root:Got CMD_GETVERSION
DEBUG:root:Got TraCI message of length 292
DEBUG:root:Got TraCI command of length 287
DEBUG:root:Got TraCI command 0x75
DEBUG:root:Got CMD_FILE_SEND for "sumo-launchd.launch.xml"
DEBUG:root:Got CMD_FILE_SEND with data "<launch>
  <copy file="sanfrancisco.net.xml"/>
  <copy file="sanfrancisco.rou.xml"/>
  <copy file="sanfrancisco.poly.xml"/>
  <copy file="sanfrancisco.sumo.cfg" type="config"/>
  <basedir path="/home/prodatalab/francisco/"/>
  <seed value="0"/>
</launch>
"
DEBUG:root:Creating temporary directory...
DEBUG:root:Temporary dir is /tmp/sumo-launchd-tmp-PydUJJ
DEBUG:root:Base dir is /home/prodatalab/francisco/
DEBUG:root:Seed is 0
DEBUG:root:Finding free port number...
DEBUG:root:Claiming lock on port
DEBUG:root:...found port 55160
INFO:root:Starting SUMO (sumo-gui -c sanfrancisco.sumo.cfg) on port 55160, seed 0
DEBUG:root:Connecting to SUMO (sumo-gui -c sanfrancisco.sumo.cfg) on port 55160 (try 1)
DEBUG:root:Error ([Errno 111] Connection refused)
DEBUG:root:Connecting to SUMO (sumo-gui -c sanfrancisco.sumo.cfg) on port 55160 (try 2)
DEBUG:root:Releasing lock on port
DEBUG:root:Starting proxy mode
DEBUG:root:Done with proxy mode
DEBUG:root:Done with proxy mode, killing SUMO
DEBUG:root:SIGTERM
INFO:root:Done running SUMO
DEBUG:root:Cleaning up
DEBUG:root:Result: "<?xml version="1.0"?>
<status>
	<exit-code>-15</exit-code>
	<start>1408136366</start>
	<end>1408136488</end>
	<status>Exited with error code -15</status>
	<stdout><![CDATA[Loading configuration... done.
]]></stdout>
	<stderr><![CDATA[]]></stderr>
</status>
"
DEBUG:root:Closing connection from 127.0.0.1 on port 41211
DEBUG:root:Connection from 127.0.0.1 on port 41217
DEBUG:root:Handling connection from 127.0.0.1 on port 41217
DEBUG:root:Got TraCI message of length 2
DEBUG:root:Got TraCI command of length 1
DEBUG:root:Got TraCI command 0x0
DEBUG:root:Got CMD_GETVERSION
DEBUG:root:Got TraCI message of length 292
DEBUG:root:Got TraCI command of length 287
DEBUG:root:Got TraCI command 0x75
DEBUG:root:Got CMD_FILE_SEND for "sumo-launchd.launch.xml"
DEBUG:root:Got CMD_FILE_SEND with data "<launch>
  <copy file="sanfrancisco.net.xml"/>
  <copy file="sanfrancisco.rou.xml"/>
  <copy file="sanfrancisco.poly.xml"/>
  <copy file="sanfrancisco.sumo.cfg" type="config"/>
  <basedir path="/home/prodatalab/francisco/"/>
  <seed value="0"/>
</launch>
"
DEBUG:root:Creating temporary directory...
DEBUG:root:Temporary dir is /tmp/sumo-launchd-tmp-czstD8
DEBUG:root:Base dir is /home/prodatalab/francisco/
DEBUG:root:Seed is 0
DEBUG:root:Finding free port number...
DEBUG:root:Claiming lock on port
DEBUG:root:...found port 43904
INFO:root:Starting SUMO (sumo-gui -c sanfrancisco.sumo.cfg) on port 43904, seed 0
DEBUG:root:Connecting to SUMO (sumo-gui -c sanfrancisco.sumo.cfg) on port 43904 (try 1)
DEBUG:root:Error ([Errno 111] Connection refused)
DEBUG:root:Connecting to SUMO (sumo-gui -c sanfrancisco.sumo.cfg) on port 43904 (try 2)
DEBUG:root:Releasing lock on port
DEBUG:root:Starting proxy mode
DEBUG:root:Done with proxy mode
DEBUG:root:Done with proxy mode, killing SUMO
DEBUG:root:SIGTERM
INFO:root:Done running SUMO
DEBUG:root:Cleaning up
DEBUG:root:Result: "<?xml version="1.0"?>
<status>
	<exit-code>-15</exit-code>
	<start>1408136568</start>
	<end>1408136726</end>
	<status>Exited with error code -15</status>
	<stdout><![CDATA[Loading configuration... done.
]]></stdout>
	<stderr><![CDATA[]]></stderr>
</status>
"
DEBUG:root:Closing connection from 127.0.0.1 on port 41217
DEBUG:root:Connection from 127.0.0.1 on port 41257
DEBUG:root:Handling connection from 127.0.0.1 on port 41257
DEBUG:root:Got TraCI message of length 2
DEBUG:root:Got TraCI command of length 1
DEBUG:root:Got TraCI command 0x0
DEBUG:root:Got CMD_GETVERSION
DEBUG:root:Got TraCI message of length 292
DEBUG:root:Got TraCI command of length 287
DEBUG:root:Got TraCI command 0x75
DEBUG:root:Got CMD_FILE_SEND for "sumo-launchd.launch.xml"
DEBUG:root:Got CMD_FILE_SEND with data "<launch>
  <copy file="sanfrancisco.net.xml"/>
  <copy file="sanfrancisco.rou.xml"/>
  <copy file="sanfrancisco.poly.xml"/>
  <copy file="sanfrancisco.sumo.cfg" type="config"/>
  <basedir path="/home/prodatalab/francisco/"/>
  <seed value="0"/>
</launch>
"
DEBUG:root:Creating temporary directory...
DEBUG:root:Temporary dir is /tmp/sumo-launchd-tmp-dN9F12
DEBUG:root:Base dir is /home/prodatalab/francisco/
DEBUG:root:Seed is 0
DEBUG:root:Finding free port number...
DEBUG:root:Claiming lock on port
DEBUG:root:...found port 49907
INFO:root:Starting SUMO (sumo-gui -c sanfrancisco.sumo.cfg) on port 49907, seed 0
DEBUG:root:Connecting to SUMO (sumo-gui -c sanfrancisco.sumo.cfg) on port 49907 (try 1)
DEBUG:root:Error ([Errno 111] Connection refused)
DEBUG:root:Connecting to SUMO (sumo-gui -c sanfrancisco.sumo.cfg) on port 49907 (try 2)
DEBUG:root:Releasing lock on port
DEBUG:root:Starting proxy mode
DEBUG:root:Done with proxy mode
DEBUG:root:Done with proxy mode, killing SUMO
DEBUG:root:SIGTERM
INFO:root:Done running SUMO
DEBUG:root:Cleaning up
DEBUG:root:Result: "<?xml version="1.0"?>
<status>
	<exit-code>-15</exit-code>
	<start>1408136742</start>
	<end>1408136954</end>
	<status>Exited with error code -15</status>
	<stdout><![CDATA[Loading configuration... done.
]]></stdout>
	<stderr><![CDATA[]]></stderr>
</status>
"
DEBUG:root:Closing connection from 127.0.0.1 on port 41257
DEBUG:root:Connection from 127.0.0.1 on port 41262
DEBUG:root:Handling connection from 127.0.0.1 on port 41262
DEBUG:root:Got TraCI message of length 2
DEBUG:root:Got TraCI command of length 1
DEBUG:root:Got TraCI command 0x0
DEBUG:root:Got CMD_GETVERSION
DEBUG:root:Got TraCI message of length 292
DEBUG:root:Got TraCI command of length 287
DEBUG:root:Got TraCI command 0x75
DEBUG:root:Got CMD_FILE_SEND for "sumo-launchd.launch.xml"
DEBUG:root:Got CMD_FILE_SEND with data "<launch>
  <copy file="sanfrancisco.net.xml"/>
  <copy file="sanfrancisco.rou.xml"/>
  <copy file="sanfrancisco.poly.xml"/>
  <copy file="sanfrancisco.sumo.cfg" type="config"/>
  <basedir path="/home/prodatalab/francisco/"/>
  <seed value="0"/>
</launch>
"
DEBUG:root:Creating temporary directory...
DEBUG:root:Temporary dir is /tmp/sumo-launchd-tmp-OCkUHB
DEBUG:root:Base dir is /home/prodatalab/francisco/
DEBUG:root:Seed is 0
DEBUG:root:Finding free port number...
DEBUG:root:Claiming lock on port
DEBUG:root:...found port 59634
INFO:root:Starting SUMO (sumo-gui -c sanfrancisco.sumo.cfg) on port 59634, seed 0
DEBUG:root:Connecting to SUMO (sumo-gui -c sanfrancisco.sumo.cfg) on port 59634 (try 1)
DEBUG:root:Error ([Errno 111] Connection refused)
DEBUG:root:Connecting to SUMO (sumo-gui -c sanfrancisco.sumo.cfg) on port 59634 (try 2)
DEBUG:root:Releasing lock on port
DEBUG:root:Starting proxy mode
DEBUG:root:Done with proxy mode
DEBUG:root:Done with proxy mode, killing SUMO
DEBUG:root:SIGTERM
INFO:root:Done running SUMO
DEBUG:root:Cleaning up
DEBUG:root:Result: "<?xml version="1.0"?>
<status>
	<exit-code>-15</exit-code>
	<start>1408136970</start>
	<end>1408137031</end>
	<status>Exited with error code -15</status>
	<stdout><![CDATA[Loading configuration... done.
]]></stdout>
	<stderr><![CDATA[]]></stderr>
</status>
"
DEBUG:root:Closing connection from 127.0.0.1 on port 41262
DEBUG:root:Connection from 127.0.0.1 on port 41268
DEBUG:root:Handling connection from 127.0.0.1 on port 41268
DEBUG:root:Got TraCI message of length 2
DEBUG:root:Got TraCI command of length 1
DEBUG:root:Got TraCI command 0x0
DEBUG:root:Got CMD_GETVERSION
DEBUG:root:Got TraCI message of length 292
DEBUG:root:Got TraCI command of length 287
DEBUG:root:Got TraCI command 0x75
DEBUG:root:Got CMD_FILE_SEND for "sumo-launchd.launch.xml"
DEBUG:root:Got CMD_FILE_SEND with data "<launch>
  <copy file="sanfrancisco.net.xml"/>
  <copy file="sanfrancisco.rou.xml"/>
  <copy file="sanfrancisco.poly.xml"/>
  <copy file="sanfrancisco.sumo.cfg" type="config"/>
  <basedir path="/home/prodatalab/francisco/"/>
  <seed value="0"/>
</launch>
"
DEBUG:root:Creating temporary directory...
DEBUG:root:Temporary dir is /tmp/sumo-launchd-tmp-zkDFpg
DEBUG:root:Base dir is /home/prodatalab/francisco/
DEBUG:root:Seed is 0
DEBUG:root:Finding free port number...
DEBUG:root:Claiming lock on port
DEBUG:root:...found port 50612
INFO:root:Starting SUMO (sumo-gui -c sanfrancisco.sumo.cfg) on port 50612, seed 0
DEBUG:root:Connecting to SUMO (sumo-gui -c sanfrancisco.sumo.cfg) on port 50612 (try 1)
DEBUG:root:Error ([Errno 111] Connection refused)
DEBUG:root:Connecting to SUMO (sumo-gui -c sanfrancisco.sumo.cfg) on port 50612 (try 2)
DEBUG:root:Releasing lock on port
DEBUG:root:Starting proxy mode
DEBUG:root:Done with proxy mode
DEBUG:root:Done with proxy mode, killing SUMO
DEBUG:root:SIGTERM
INFO:root:Done running SUMO
DEBUG:root:Cleaning up
DEBUG:root:Result: "<?xml version="1.0"?>
<status>
	<exit-code>-15</exit-code>
	<start>1408137046</start>
	<end>1408137422</end>
	<status>Exited with error code -15</status>
	<stdout><![CDATA[Loading configuration... done.
]]></stdout>
	<stderr><![CDATA[]]></stderr>
</status>
"
DEBUG:root:Closing connection from 127.0.0.1 on port 41268
DEBUG:root:Connection from 127.0.0.1 on port 41275
DEBUG:root:Handling connection from 127.0.0.1 on port 41275
DEBUG:root:Got TraCI message of length 2
DEBUG:root:Got TraCI command of length 1
DEBUG:root:Got TraCI command 0x0
DEBUG:root:Got CMD_GETVERSION
DEBUG:root:Got TraCI message of length 292
DEBUG:root:Got TraCI command of length 287
DEBUG:root:Got TraCI command 0x75
DEBUG:root:Got CMD_FILE_SEND for "sumo-launchd.launch.xml"
DEBUG:root:Got CMD_FILE_SEND with data "<launch>
  <copy file="sanfrancisco.net.xml"/>
  <copy file="sanfrancisco.rou.xml"/>
  <copy file="sanfrancisco.poly.xml"/>
  <copy file="sanfrancisco.sumo.cfg" type="config"/>
  <basedir path="/home/prodatalab/francisco/"/>
  <seed value="0"/>
</launch>
"
DEBUG:root:Creating temporary directory...
DEBUG:root:Temporary dir is /tmp/sumo-launchd-tmp-6Rz_o_
DEBUG:root:Base dir is /home/prodatalab/francisco/
DEBUG:root:Seed is 0
DEBUG:root:Finding free port number...
DEBUG:root:Claiming lock on port
DEBUG:root:...found port 33451
INFO:root:Starting SUMO (sumo-gui -c sanfrancisco.sumo.cfg) on port 33451, seed 0
DEBUG:root:Connecting to SUMO (sumo-gui -c sanfrancisco.sumo.cfg) on port 33451 (try 1)
DEBUG:root:Error ([Errno 111] Connection refused)
DEBUG:root:Connecting to SUMO (sumo-gui -c sanfrancisco.sumo.cfg) on port 33451 (try 2)
DEBUG:root:Releasing lock on port
DEBUG:root:Starting proxy mode
DEBUG:root:Done with proxy mode
DEBUG:root:Done with proxy mode, killing SUMO
DEBUG:root:SIGTERM
INFO:root:Done running SUMO
DEBUG:root:Cleaning up
DEBUG:root:Result: "<?xml version="1.0"?>
<status>
	<exit-code>-15</exit-code>
	<start>1408137589</start>
	<end>1408137671</end>
	<status>Exited with error code -15</status>
	<stdout><![CDATA[Loading configuration... done.
]]></stdout>
	<stderr><![CDATA[]]></stderr>
</status>
"
DEBUG:root:Closing connection from 127.0.0.1 on port 41275
DEBUG:root:Logging to sumo-launchd.log
INFO:root:Listening on port 9999
DEBUG:root:Connection from 127.0.0.1 on port 41751
DEBUG:root:Handling connection from 127.0.0.1 on port 41751
DEBUG:root:Got TraCI message of length 2
DEBUG:root:Got TraCI command of length 1
DEBUG:root:Got TraCI command 0x0
DEBUG:root:Got CMD_GETVERSION
DEBUG:root:Got TraCI message of length 292
DEBUG:root:Got TraCI command of length 287
DEBUG:root:Got TraCI command 0x75
DEBUG:root:Got CMD_FILE_SEND for "sumo-launchd.launch.xml"
DEBUG:root:Got CMD_FILE_SEND with data "<launch>
  <copy file="sanfrancisco.net.xml"/>
  <copy file="sanfrancisco.rou.xml"/>
  <copy file="sanfrancisco.poly.xml"/>
  <copy file="sanfrancisco.sumo.cfg" type="config"/>
  <basedir path="/home/prodatalab/francisco/"/>
  <seed value="0"/>
</launch>
"
DEBUG:root:Creating temporary directory...
DEBUG:root:Temporary dir is /tmp/sumo-launchd-tmp-ZLnGOf
DEBUG:root:Base dir is /home/prodatalab/francisco/
DEBUG:root:Seed is 0
DEBUG:root:Finding free port number...
DEBUG:root:Claiming lock on port
DEBUG:root:...found port 58725
INFO:root:Starting SUMO (sumo-gui -c sanfrancisco.sumo.cfg) on port 58725, seed 0
DEBUG:root:Connecting to SUMO (sumo-gui -c sanfrancisco.sumo.cfg) on port 58725 (try 1)
DEBUG:root:Error ([Errno 111] Connection refused)
DEBUG:root:Connecting to SUMO (sumo-gui -c sanfrancisco.sumo.cfg) on port 58725 (try 2)
DEBUG:root:Releasing lock on port
DEBUG:root:Starting proxy mode
DEBUG:root:Connection from 127.0.0.1 on port 41927
DEBUG:root:Handling connection from 127.0.0.1 on port 41927
DEBUG:root:Got TraCI message of length 2
DEBUG:root:Got TraCI command of length 1
DEBUG:root:Got TraCI command 0x0
DEBUG:root:Got CMD_GETVERSION
DEBUG:root:Got TraCI message of length 292
DEBUG:root:Got TraCI command of length 287
DEBUG:root:Got TraCI command 0x75
DEBUG:root:Got CMD_FILE_SEND for "sumo-launchd.launch.xml"
DEBUG:root:Got CMD_FILE_SEND with data "<launch>
  <copy file="sanfrancisco.net.xml"/>
  <copy file="sanfrancisco.rou.xml"/>
  <copy file="sanfrancisco.poly.xml"/>
  <copy file="sanfrancisco.sumo.cfg" type="config"/>
  <basedir path="/home/prodatalab/francisco/"/>
  <seed value="0"/>
</launch>
"
DEBUG:root:Creating temporary directory...
DEBUG:root:Temporary dir is /tmp/sumo-launchd-tmp-g1WJ2_
DEBUG:root:Base dir is /home/prodatalab/francisco/
DEBUG:root:Seed is 0
DEBUG:root:Finding free port number...
DEBUG:root:Claiming lock on port
DEBUG:root:...found port 48825
INFO:root:Starting SUMO (sumo-gui -c sanfrancisco.sumo.cfg) on port 48825, seed 0
DEBUG:root:Connecting to SUMO (sumo-gui -c sanfrancisco.sumo.cfg) on port 48825 (try 1)
DEBUG:root:Error ([Errno 111] Connection refused)
DEBUG:root:Connecting to SUMO (sumo-gui -c sanfrancisco.sumo.cfg) on port 48825 (try 2)
DEBUG:root:Releasing lock on port
DEBUG:root:Starting proxy mode
DEBUG:root:Done with proxy mode
DEBUG:root:Done with proxy mode, killing SUMO
INFO:root:Done running SUMO
DEBUG:root:Cleaning up
DEBUG:root:Result: "<?xml version="1.0"?>
<status>
	<exit-code>0</exit-code>
	<start>1408142241</start>
	<end>1408142278</end>
	<status>Done.</status>
	<stdout><![CDATA[Loading configuration... done.
]]></stdout>
	<stderr><![CDATA[]]></stderr>
</status>
"
DEBUG:root:Closing connection from 127.0.0.1 on port 41927
DEBUG:root:Done with proxy mode
DEBUG:root:Done with proxy mode, killing SUMO
DEBUG:root:SIGTERM
INFO:root:Done running SUMO
DEBUG:root:Cleaning up
DEBUG:root:Result: "<?xml version="1.0"?>
<status>
	<exit-code>-15</exit-code>
	<start>1408141863</start>
	<end>1408142283</end>
	<status>Exited with error code -15</status>
	<stdout><![CDATA[Loading configuration... done.
]]></stdout>
	<stderr><![CDATA[]]></stderr>
</status>
"
DEBUG:root:Closing connection from 127.0.0.1 on port 41751
DEBUG:root:Logging to sumo-launchd.log
INFO:root:Listening on port 9999
DEBUG:root:Connection from 127.0.0.1 on port 51703
DEBUG:root:Handling connection from 127.0.0.1 on port 51703
DEBUG:root:Got TraCI message of length 2
DEBUG:root:Got TraCI command of length 1
DEBUG:root:Got TraCI command 0x0
DEBUG:root:Got CMD_GETVERSION
DEBUG:root:Got TraCI message of length 292
DEBUG:root:Got TraCI command of length 287
DEBUG:root:Got TraCI command 0x75
DEBUG:root:Got CMD_FILE_SEND for "sumo-launchd.launch.xml"
DEBUG:root:Got CMD_FILE_SEND with data "<launch>
  <copy file="sanfrancisco.net.xml"/>
  <copy file="sanfrancisco.rou.xml"/>
  <copy file="sanfrancisco.poly.xml"/>
  <copy file="sanfrancisco.sumo.cfg" type="config"/>
  <basedir path="/home/prodatalab/francisco/"/>
  <seed value="0"/>
</launch>
"
DEBUG:root:Creating temporary directory...
DEBUG:root:Temporary dir is /tmp/sumo-launchd-tmp-SgD8LI
DEBUG:root:Base dir is /home/prodatalab/francisco/
DEBUG:root:Seed is 0
DEBUG:root:Finding free port number...
DEBUG:root:Claiming lock on port
DEBUG:root:...found port 60202
INFO:root:Starting SUMO (sumo-gui -c sanfrancisco.sumo.cfg) on port 60202, seed 0
DEBUG:root:Connecting to SUMO (sumo-gui -c sanfrancisco.sumo.cfg) on port 60202 (try 1)
DEBUG:root:Error ([Errno 111] Connection refused)
DEBUG:root:Connecting to SUMO (sumo-gui -c sanfrancisco.sumo.cfg) on port 60202 (try 2)
DEBUG:root:Error ([Errno 111] Connection refused)
DEBUG:root:Connecting to SUMO (sumo-gui -c sanfrancisco.sumo.cfg) on port 60202 (try 3)
DEBUG:root:Error ([Errno 111] Connection refused)
DEBUG:root:Connecting to SUMO (sumo-gui -c sanfrancisco.sumo.cfg) on port 60202 (try 4)
DEBUG:root:Releasing lock on port
DEBUG:root:Starting proxy mode
DEBUG:root:Done with proxy mode
DEBUG:root:Done with proxy mode, killing SUMO
DEBUG:root:SIGTERM
INFO:root:Done running SUMO
DEBUG:root:Cleaning up
DEBUG:root:Result: "<?xml version="1.0"?>
<status>
	<exit-code>-15</exit-code>
	<start>1408199424</start>
	<end>1408199463</end>
	<status>Exited with error code -15</status>
	<stdout><![CDATA[Loading configuration... done.
]]></stdout>
	<stderr><![CDATA[]]></stderr>
</status>
"
DEBUG:root:Closing connection from 127.0.0.1 on port 51703
DEBUG:root:Connection from 127.0.0.1 on port 51760
DEBUG:root:Handling connection from 127.0.0.1 on port 51760
DEBUG:root:Got TraCI message of length 2
DEBUG:root:Got TraCI command of length 1
DEBUG:root:Got TraCI command 0x0
DEBUG:root:Got CMD_GETVERSION
DEBUG:root:Got TraCI message of length 292
DEBUG:root:Got TraCI command of length 287
DEBUG:root:Got TraCI command 0x75
DEBUG:root:Got CMD_FILE_SEND for "sumo-launchd.launch.xml"
DEBUG:root:Got CMD_FILE_SEND with data "<launch>
  <copy file="sanfrancisco.net.xml"/>
  <copy file="sanfrancisco.rou.xml"/>
  <copy file="sanfrancisco.poly.xml"/>
  <copy file="sanfrancisco.sumo.cfg" type="config"/>
  <basedir path="/home/prodatalab/francisco/"/>
  <seed value="0"/>
</launch>
"
DEBUG:root:Creating temporary directory...
DEBUG:root:Temporary dir is /tmp/sumo-launchd-tmp-pB_2wG
DEBUG:root:Base dir is /home/prodatalab/francisco/
DEBUG:root:Seed is 0
DEBUG:root:Finding free port number...
DEBUG:root:Claiming lock on port
DEBUG:root:...found port 37640
INFO:root:Starting SUMO (sumo-gui -c sanfrancisco.sumo.cfg) on port 37640, seed 0
DEBUG:root:Connecting to SUMO (sumo-gui -c sanfrancisco.sumo.cfg) on port 37640 (try 1)
DEBUG:root:Error ([Errno 111] Connection refused)
DEBUG:root:Connecting to SUMO (sumo-gui -c sanfrancisco.sumo.cfg) on port 37640 (try 2)
DEBUG:root:Releasing lock on port
DEBUG:root:Starting proxy mode
DEBUG:root:Done with proxy mode
DEBUG:root:Done with proxy mode, killing SUMO
DEBUG:root:SIGTERM
INFO:root:Done running SUMO
DEBUG:root:Cleaning up
DEBUG:root:Result: "<?xml version="1.0"?>
<status>
	<exit-code>-15</exit-code>
	<start>1408199615</start>
	<end>1408199645</end>
	<status>Exited with error code -15</status>
	<stdout><![CDATA[Loading configuration... done.
]]></stdout>
	<stderr><![CDATA[]]></stderr>
</status>
"
DEBUG:root:Closing connection from 127.0.0.1 on port 51760
DEBUG:root:Connection from 127.0.0.1 on port 52096
DEBUG:root:Handling connection from 127.0.0.1 on port 52096
DEBUG:root:Got TraCI message of length 2
DEBUG:root:Got TraCI command of length 1
DEBUG:root:Got TraCI command 0x0
DEBUG:root:Got CMD_GETVERSION
DEBUG:root:Got TraCI message of length 292
DEBUG:root:Got TraCI command of length 287
DEBUG:root:Got TraCI command 0x75
DEBUG:root:Got CMD_FILE_SEND for "sumo-launchd.launch.xml"
DEBUG:root:Got CMD_FILE_SEND with data "<launch>
  <copy file="sanfrancisco.net.xml"/>
  <copy file="sanfrancisco.rou.xml"/>
  <copy file="sanfrancisco.poly.xml"/>
  <copy file="sanfrancisco.sumo.cfg" type="config"/>
  <basedir path="/home/prodatalab/francisco/"/>
  <seed value="0"/>
</launch>
"
DEBUG:root:Creating temporary directory...
DEBUG:root:Temporary dir is /tmp/sumo-launchd-tmp-DPLlk3
DEBUG:root:Base dir is /home/prodatalab/francisco/
DEBUG:root:Seed is 0
DEBUG:root:Finding free port number...
DEBUG:root:Claiming lock on port
DEBUG:root:...found port 53999
INFO:root:Starting SUMO (sumo-gui -c sanfrancisco.sumo.cfg) on port 53999, seed 0
DEBUG:root:Connecting to SUMO (sumo-gui -c sanfrancisco.sumo.cfg) on port 53999 (try 1)
DEBUG:root:Error ([Errno 111] Connection refused)
DEBUG:root:Connecting to SUMO (sumo-gui -c sanfrancisco.sumo.cfg) on port 53999 (try 2)
DEBUG:root:Releasing lock on port
DEBUG:root:Starting proxy mode
DEBUG:root:Done with proxy mode
DEBUG:root:Done with proxy mode, killing SUMO
DEBUG:root:SIGTERM
INFO:root:Done running SUMO
DEBUG:root:Cleaning up
DEBUG:root:Result: "<?xml version="1.0"?>
<status>
	<exit-code>-15</exit-code>
	<start>1408200633</start>
	<end>1408200647</end>
	<status>Exited with error code -15</status>
	<stdout><![CDATA[Loading configuration... done.
]]></stdout>
	<stderr><![CDATA[]]></stderr>
</status>
"
DEBUG:root:Closing connection from 127.0.0.1 on port 52096
DEBUG:root:Connection from 127.0.0.1 on port 52110
DEBUG:root:Handling connection from 127.0.0.1 on port 52110
DEBUG:root:Got TraCI message of length 2
DEBUG:root:Got TraCI command of length 1
DEBUG:root:Got TraCI command 0x0
DEBUG:root:Got CMD_GETVERSION
DEBUG:root:Got TraCI message of length 292
DEBUG:root:Got TraCI command of length 287
DEBUG:root:Got TraCI command 0x75
DEBUG:root:Got CMD_FILE_SEND for "sumo-launchd.launch.xml"
DEBUG:root:Got CMD_FILE_SEND with data "<launch>
  <copy file="sanfrancisco.net.xml"/>
  <copy file="sanfrancisco.rou.xml"/>
  <copy file="sanfrancisco.poly.xml"/>
  <copy file="sanfrancisco.sumo.cfg" type="config"/>
  <basedir path="/home/prodatalab/francisco/"/>
  <seed value="0"/>
</launch>
"
DEBUG:root:Creating temporary directory...
DEBUG:root:Temporary dir is /tmp/sumo-launchd-tmp-gZzZId
DEBUG:root:Base dir is /home/prodatalab/francisco/
DEBUG:root:Seed is 0
DEBUG:root:Finding free port number...
DEBUG:root:Claiming lock on port
DEBUG:root:...found port 44876
INFO:root:Starting SUMO (sumo-gui -c sanfrancisco.sumo.cfg) on port 44876, seed 0
DEBUG:root:Connecting to SUMO (sumo-gui -c sanfrancisco.sumo.cfg) on port 44876 (try 1)
DEBUG:root:Error ([Errno 111] Connection refused)
DEBUG:root:Connecting to SUMO (sumo-gui -c sanfrancisco.sumo.cfg) on port 44876 (try 2)
DEBUG:root:Releasing lock on port
DEBUG:root:Starting proxy mode
DEBUG:root:Done with proxy mode
DEBUG:root:Done with proxy mode, killing SUMO
DEBUG:root:SIGTERM
INFO:root:Done running SUMO
DEBUG:root:Cleaning up
DEBUG:root:Result: "<?xml version="1.0"?>
<status>
	<exit-code>-15</exit-code>
	<start>1408200661</start>
	<end>1408200704</end>
	<status>Exited with error code -15</status>
	<stdout><![CDATA[Loading configuration... done.
]]></stdout>
	<stderr><![CDATA[]]></stderr>
</status>
"
DEBUG:root:Closing connection from 127.0.0.1 on port 52110
DEBUG:root:Connection from 127.0.0.1 on port 52121
DEBUG:root:Handling connection from 127.0.0.1 on port 52121
DEBUG:root:Got TraCI message of length 2
DEBUG:root:Got TraCI command of length 1
DEBUG:root:Got TraCI command 0x0
DEBUG:root:Got CMD_GETVERSION
DEBUG:root:Got TraCI message of length 292
DEBUG:root:Got TraCI command of length 287
DEBUG:root:Got TraCI command 0x75
DEBUG:root:Got CMD_FILE_SEND for "sumo-launchd.launch.xml"
DEBUG:root:Got CMD_FILE_SEND with data "<launch>
  <copy file="sanfrancisco.net.xml"/>
  <copy file="sanfrancisco.rou.xml"/>
  <copy file="sanfrancisco.poly.xml"/>
  <copy file="sanfrancisco.sumo.cfg" type="config"/>
  <basedir path="/home/prodatalab/francisco/"/>
  <seed value="0"/>
</launch>
"
DEBUG:root:Creating temporary directory...
DEBUG:root:Temporary dir is /tmp/sumo-launchd-tmp-oyfNW9
DEBUG:root:Base dir is /home/prodatalab/francisco/
DEBUG:root:Seed is 0
DEBUG:root:Finding free port number...
DEBUG:root:Claiming lock on port
DEBUG:root:...found port 40443
INFO:root:Starting SUMO (sumo-gui -c sanfrancisco.sumo.cfg) on port 40443, seed 0
DEBUG:root:Connecting to SUMO (sumo-gui -c sanfrancisco.sumo.cfg) on port 40443 (try 1)
DEBUG:root:Error ([Errno 111] Connection refused)
DEBUG:root:Connecting to SUMO (sumo-gui -c sanfrancisco.sumo.cfg) on port 40443 (try 2)
DEBUG:root:Releasing lock on port
DEBUG:root:Starting proxy mode
DEBUG:root:Connection from 127.0.0.1 on port 53213
DEBUG:root:Handling connection from 127.0.0.1 on port 53213
DEBUG:root:Got TraCI message of length 2
DEBUG:root:Got TraCI command of length 1
DEBUG:root:Got TraCI command 0x0
DEBUG:root:Got CMD_GETVERSION
DEBUG:root:Got TraCI message of length 292
DEBUG:root:Got TraCI command of length 287
DEBUG:root:Got TraCI command 0x75
DEBUG:root:Got CMD_FILE_SEND for "sumo-launchd.launch.xml"
DEBUG:root:Got CMD_FILE_SEND with data "<launch>
  <copy file="sanfrancisco.net.xml"/>
  <copy file="sanfrancisco.rou.xml"/>
  <copy file="sanfrancisco.poly.xml"/>
  <copy file="sanfrancisco.sumo.cfg" type="config"/>
  <basedir path="/home/prodatalab/francisco/"/>
  <seed value="0"/>
</launch>
"
DEBUG:root:Creating temporary directory...
DEBUG:root:Temporary dir is /tmp/sumo-launchd-tmp-6lku1K
DEBUG:root:Base dir is /home/prodatalab/francisco/
DEBUG:root:Seed is 0
DEBUG:root:Finding free port number...
DEBUG:root:Claiming lock on port
DEBUG:root:...found port 58979
INFO:root:Starting SUMO (sumo-gui -c sanfrancisco.sumo.cfg) on port 58979, seed 0
DEBUG:root:Connecting to SUMO (sumo-gui -c sanfrancisco.sumo.cfg) on port 58979 (try 1)
DEBUG:root:Error ([Errno 111] Connection refused)
DEBUG:root:Connecting to SUMO (sumo-gui -c sanfrancisco.sumo.cfg) on port 58979 (try 2)
DEBUG:root:Releasing lock on port
DEBUG:root:Starting proxy mode
DEBUG:root:Done with proxy mode
DEBUG:root:Done with proxy mode, killing SUMO
DEBUG:root:SIGTERM
INFO:root:Done running SUMO
DEBUG:root:Cleaning up
DEBUG:root:Result: "<?xml version="1.0"?>
<status>
	<exit-code>-15</exit-code>
	<start>1408204196</start>
	<end>1408204212</end>
	<status>Exited with error code -15</status>
	<stdout><![CDATA[Loading configuration... done.
]]></stdout>
	<stderr><![CDATA[]]></stderr>
</status>
"
DEBUG:root:Closing connection from 127.0.0.1 on port 53213
DEBUG:root:Done with proxy mode
DEBUG:root:Done with proxy mode, killing SUMO
DEBUG:root:SIGTERM
INFO:root:Done running SUMO
DEBUG:root:Cleaning up
DEBUG:root:Result: "<?xml version="1.0"?>
<status>
	<exit-code>-15</exit-code>
	<start>1408200712</start>
	<end>1408204430</end>
	<status>Exited with error code -15</status>
	<stdout><![CDATA[Loading configuration... done.
]]></stdout>
	<stderr><![CDATA[]]></stderr>
</status>
"
DEBUG:root:Closing connection from 127.0.0.1 on port 52121
DEBUG:root:Connection from 127.0.0.1 on port 53284
DEBUG:root:Handling connection from 127.0.0.1 on port 53284
DEBUG:root:Got TraCI message of length 2
DEBUG:root:Got TraCI command of length 1
DEBUG:root:Got TraCI command 0x0
DEBUG:root:Got CMD_GETVERSION
DEBUG:root:Got TraCI message of length 292
DEBUG:root:Got TraCI command of length 287
DEBUG:root:Got TraCI command 0x75
DEBUG:root:Got CMD_FILE_SEND for "sumo-launchd.launch.xml"
DEBUG:root:Got CMD_FILE_SEND with data "<launch>
  <copy file="sanfrancisco.net.xml"/>
  <copy file="sanfrancisco.rou.xml"/>
  <copy file="sanfrancisco.poly.xml"/>
  <copy file="sanfrancisco.sumo.cfg" type="config"/>
  <basedir path="/home/prodatalab/francisco/"/>
  <seed value="0"/>
</launch>
"
DEBUG:root:Creating temporary directory...
DEBUG:root:Temporary dir is /tmp/sumo-launchd-tmp-VujiF8
DEBUG:root:Base dir is /home/prodatalab/francisco/
DEBUG:root:Seed is 0
DEBUG:root:Finding free port number...
DEBUG:root:Claiming lock on port
DEBUG:root:...found port 57901
INFO:root:Starting SUMO (sumo-gui -c sanfrancisco.sumo.cfg) on port 57901, seed 0
DEBUG:root:Connecting to SUMO (sumo-gui -c sanfrancisco.sumo.cfg) on port 57901 (try 1)
DEBUG:root:Error ([Errno 111] Connection refused)
DEBUG:root:Connecting to SUMO (sumo-gui -c sanfrancisco.sumo.cfg) on port 57901 (try 2)
DEBUG:root:Releasing lock on port
DEBUG:root:Starting proxy mode
DEBUG:root:Done with proxy mode
DEBUG:root:Done with proxy mode, killing SUMO
DEBUG:root:SIGTERM
INFO:root:Done running SUMO
DEBUG:root:Cleaning up
DEBUG:root:Result: "<?xml version="1.0"?>
<status>
	<exit-code>-15</exit-code>
	<start>1408204440</start>
	<end>1408205043</end>
	<status>Exited with error code -15</status>
	<stdout><![CDATA[Loading configuration... done.
]]></stdout>
	<stderr><![CDATA[]]></stderr>
</status>
"
DEBUG:root:Closing connection from 127.0.0.1 on port 53284
DEBUG:root:Connection from 127.0.0.1 on port 53492
DEBUG:root:Handling connection from 127.0.0.1 on port 53492
DEBUG:root:Got TraCI message of length 2
DEBUG:root:Got TraCI command of length 1
DEBUG:root:Got TraCI command 0x0
DEBUG:root:Got CMD_GETVERSION
DEBUG:root:Got TraCI message of length 292
DEBUG:root:Got TraCI command of length 287
DEBUG:root:Got TraCI command 0x75
DEBUG:root:Got CMD_FILE_SEND for "sumo-launchd.launch.xml"
DEBUG:root:Got CMD_FILE_SEND with data "<launch>
  <copy file="sanfrancisco.net.xml"/>
  <copy file="sanfrancisco.rou.xml"/>
  <copy file="sanfrancisco.poly.xml"/>
  <copy file="sanfrancisco.sumo.cfg" type="config"/>
  <basedir path="/home/prodatalab/francisco/"/>
  <seed value="0"/>
</launch>
"
DEBUG:root:Creating temporary directory...
DEBUG:root:Temporary dir is /tmp/sumo-launchd-tmp-wEc9Lt
DEBUG:root:Base dir is /home/prodatalab/francisco/
DEBUG:root:Seed is 0
DEBUG:root:Finding free port number...
DEBUG:root:Claiming lock on port
DEBUG:root:...found port 44491
INFO:root:Starting SUMO (sumo-gui -c sanfrancisco.sumo.cfg) on port 44491, seed 0
DEBUG:root:Connecting to SUMO (sumo-gui -c sanfrancisco.sumo.cfg) on port 44491 (try 1)
DEBUG:root:Error ([Errno 111] Connection refused)
DEBUG:root:Connecting to SUMO (sumo-gui -c sanfrancisco.sumo.cfg) on port 44491 (try 2)
DEBUG:root:Releasing lock on port
DEBUG:root:Starting proxy mode
DEBUG:root:Done with proxy mode
DEBUG:root:Done with proxy mode, killing SUMO
DEBUG:root:SIGTERM
INFO:root:Done running SUMO
DEBUG:root:Cleaning up
DEBUG:root:Result: "<?xml version="1.0"?>
<status>
	<exit-code>-15</exit-code>
	<start>1408205054</start>
	<end>1408205149</end>
	<status>Exited with error code -15</status>
	<stdout><![CDATA[Loading configuration... done.
]]></stdout>
	<stderr><![CDATA[]]></stderr>
</status>
"
DEBUG:root:Closing connection from 127.0.0.1 on port 53492
DEBUG:root:Connection from 127.0.0.1 on port 53508
DEBUG:root:Handling connection from 127.0.0.1 on port 53508
DEBUG:root:Got TraCI message of length 2
DEBUG:root:Got TraCI command of length 1
DEBUG:root:Got TraCI command 0x0
DEBUG:root:Got CMD_GETVERSION
DEBUG:root:Got TraCI message of length 292
DEBUG:root:Got TraCI command of length 287
DEBUG:root:Got TraCI command 0x75
DEBUG:root:Got CMD_FILE_SEND for "sumo-launchd.launch.xml"
DEBUG:root:Got CMD_FILE_SEND with data "<launch>
  <copy file="sanfrancisco.net.xml"/>
  <copy file="sanfrancisco.rou.xml"/>
  <copy file="sanfrancisco.poly.xml"/>
  <copy file="sanfrancisco.sumo.cfg" type="config"/>
  <basedir path="/home/prodatalab/francisco/"/>
  <seed value="0"/>
</launch>
"
DEBUG:root:Creating temporary directory...
DEBUG:root:Temporary dir is /tmp/sumo-launchd-tmp-mOKprO
DEBUG:root:Base dir is /home/prodatalab/francisco/
DEBUG:root:Seed is 0
DEBUG:root:Finding free port number...
DEBUG:root:Claiming lock on port
DEBUG:root:...found port 49581
INFO:root:Starting SUMO (sumo-gui -c sanfrancisco.sumo.cfg) on port 49581, seed 0
DEBUG:root:Connecting to SUMO (sumo-gui -c sanfrancisco.sumo.cfg) on port 49581 (try 1)
DEBUG:root:Error ([Errno 111] Connection refused)
DEBUG:root:Connecting to SUMO (sumo-gui -c sanfrancisco.sumo.cfg) on port 49581 (try 2)
DEBUG:root:Releasing lock on port
DEBUG:root:Starting proxy mode
DEBUG:root:Done with proxy mode
DEBUG:root:Done with proxy mode, killing SUMO
DEBUG:root:SIGTERM
INFO:root:Done running SUMO
DEBUG:root:Cleaning up
DEBUG:root:Result: "<?xml version="1.0"?>
<status>
	<exit-code>-15</exit-code>
	<start>1408205166</start>
	<end>1408207890</end>
	<status>Exited with error code -15</status>
	<stdout><![CDATA[Loading configuration... done.
]]></stdout>
	<stderr><![CDATA[]]></stderr>
</status>
"
DEBUG:root:Closing connection from 127.0.0.1 on port 53508
DEBUG:root:Connection from 127.0.0.1 on port 53569
DEBUG:root:Handling connection from 127.0.0.1 on port 53569
DEBUG:root:Got TraCI message of length 2
DEBUG:root:Got TraCI command of length 1
DEBUG:root:Got TraCI command 0x0
DEBUG:root:Got CMD_GETVERSION
DEBUG:root:Got TraCI message of length 292
DEBUG:root:Got TraCI command of length 287
DEBUG:root:Got TraCI command 0x75
DEBUG:root:Got CMD_FILE_SEND for "sumo-launchd.launch.xml"
DEBUG:root:Got CMD_FILE_SEND with data "<launch>
  <copy file="sanfrancisco.net.xml"/>
  <copy file="sanfrancisco.rou.xml"/>
  <copy file="sanfrancisco.poly.xml"/>
  <copy file="sanfrancisco.sumo.cfg" type="config"/>
  <basedir path="/home/prodatalab/francisco/"/>
  <seed value="0"/>
</launch>
"
DEBUG:root:Creating temporary directory...
DEBUG:root:Temporary dir is /tmp/sumo-launchd-tmp-BhMe4c
DEBUG:root:Base dir is /home/prodatalab/francisco/
DEBUG:root:Seed is 0
DEBUG:root:Finding free port number...
DEBUG:root:Claiming lock on port
DEBUG:root:...found port 50599
INFO:root:Starting SUMO (sumo-gui -c sanfrancisco.sumo.cfg) on port 50599, seed 0
DEBUG:root:Connecting to SUMO (sumo-gui -c sanfrancisco.sumo.cfg) on port 50599 (try 1)
DEBUG:root:Error ([Errno 111] Connection refused)
DEBUG:root:Connecting to SUMO (sumo-gui -c sanfrancisco.sumo.cfg) on port 50599 (try 2)
DEBUG:root:Releasing lock on port
DEBUG:root:Starting proxy mode
DEBUG:root:Done with proxy mode
DEBUG:root:Done with proxy mode, killing SUMO
DEBUG:root:SIGTERM
INFO:root:Done running SUMO
DEBUG:root:Cleaning up
DEBUG:root:Result: "<?xml version="1.0"?>
<status>
	<exit-code>-15</exit-code>
	<start>1408207912</start>
	<end>1408207928</end>
	<status>Exited with error code -15</status>
	<stdout><![CDATA[Loading configuration... done.
]]></stdout>
	<stderr><![CDATA[]]></stderr>
</status>
"
DEBUG:root:Closing connection from 127.0.0.1 on port 53569
DEBUG:root:Connection from 127.0.0.1 on port 53572
DEBUG:root:Handling connection from 127.0.0.1 on port 53572
DEBUG:root:Got TraCI message of length 2
DEBUG:root:Got TraCI command of length 1
DEBUG:root:Got TraCI command 0x0
DEBUG:root:Got CMD_GETVERSION
DEBUG:root:Got TraCI message of length 292
DEBUG:root:Got TraCI command of length 287
DEBUG:root:Got TraCI command 0x75
DEBUG:root:Got CMD_FILE_SEND for "sumo-launchd.launch.xml"
DEBUG:root:Got CMD_FILE_SEND with data "<launch>
  <copy file="sanfrancisco.net.xml"/>
  <copy file="sanfrancisco.rou.xml"/>
  <copy file="sanfrancisco.poly.xml"/>
  <copy file="sanfrancisco.sumo.cfg" type="config"/>
  <basedir path="/home/prodatalab/francisco/"/>
  <seed value="0"/>
</launch>
"
DEBUG:root:Creating temporary directory...
DEBUG:root:Temporary dir is /tmp/sumo-launchd-tmp-XZPCQE
DEBUG:root:Base dir is /home/prodatalab/francisco/
DEBUG:root:Seed is 0
DEBUG:root:Finding free port number...
DEBUG:root:Claiming lock on port
DEBUG:root:...found port 39998
INFO:root:Starting SUMO (sumo-gui -c sanfrancisco.sumo.cfg) on port 39998, seed 0
DEBUG:root:Connecting to SUMO (sumo-gui -c sanfrancisco.sumo.cfg) on port 39998 (try 1)
DEBUG:root:Error ([Errno 111] Connection refused)
DEBUG:root:Connecting to SUMO (sumo-gui -c sanfrancisco.sumo.cfg) on port 39998 (try 2)
DEBUG:root:Releasing lock on port
DEBUG:root:Starting proxy mode
DEBUG:root:Done with proxy mode
DEBUG:root:Done with proxy mode, killing SUMO
DEBUG:root:SIGTERM
INFO:root:Done running SUMO
DEBUG:root:Cleaning up
DEBUG:root:Result: "<?xml version="1.0"?>
<status>
	<exit-code>-15</exit-code>
	<start>1408207946</start>
	<end>1408208235</end>
	<status>Exited with error code -15</status>
	<stdout><![CDATA[Loading configuration... done.
]]></stdout>
	<stderr><![CDATA[]]></stderr>
</status>
"
DEBUG:root:Closing connection from 127.0.0.1 on port 53572
DEBUG:root:Connection from 127.0.0.1 on port 53575
DEBUG:root:Handling connection from 127.0.0.1 on port 53575
DEBUG:root:Got TraCI message of length 2
DEBUG:root:Got TraCI command of length 1
DEBUG:root:Got TraCI command 0x0
DEBUG:root:Got CMD_GETVERSION
DEBUG:root:Got TraCI message of length 292
DEBUG:root:Got TraCI command of length 287
DEBUG:root:Got TraCI command 0x75
DEBUG:root:Got CMD_FILE_SEND for "sumo-launchd.launch.xml"
DEBUG:root:Got CMD_FILE_SEND with data "<launch>
  <copy file="sanfrancisco.net.xml"/>
  <copy file="sanfrancisco.rou.xml"/>
  <copy file="sanfrancisco.poly.xml"/>
  <copy file="sanfrancisco.sumo.cfg" type="config"/>
  <basedir path="/home/prodatalab/francisco/"/>
  <seed value="0"/>
</launch>
"
DEBUG:root:Creating temporary directory...
DEBUG:root:Temporary dir is /tmp/sumo-launchd-tmp-jyVzzt
DEBUG:root:Base dir is /home/prodatalab/francisco/
DEBUG:root:Seed is 0
DEBUG:root:Finding free port number...
DEBUG:root:Claiming lock on port
DEBUG:root:...found port 59627
INFO:root:Starting SUMO (sumo-gui -c sanfrancisco.sumo.cfg) on port 59627, seed 0
DEBUG:root:Connecting to SUMO (sumo-gui -c sanfrancisco.sumo.cfg) on port 59627 (try 1)
DEBUG:root:Error ([Errno 111] Connection refused)
DEBUG:root:Connecting to SUMO (sumo-gui -c sanfrancisco.sumo.cfg) on port 59627 (try 2)
DEBUG:root:Releasing lock on port
DEBUG:root:Starting proxy mode
DEBUG:root:Done with proxy mode
DEBUG:root:Done with proxy mode, killing SUMO
DEBUG:root:SIGTERM
INFO:root:Done running SUMO
DEBUG:root:Cleaning up
DEBUG:root:Result: "<?xml version="1.0"?>
<status>
	<exit-code>-15</exit-code>
	<start>1408208257</start>
	<end>1408208660</end>
	<status>Exited with error code -15</status>
	<stdout><![CDATA[Loading configuration... done.
]]></stdout>
	<stderr><![CDATA[]]></stderr>
</status>
"
DEBUG:root:Closing connection from 127.0.0.1 on port 53575
DEBUG:root:Connection from 127.0.0.1 on port 53580
DEBUG:root:Handling connection from 127.0.0.1 on port 53580
DEBUG:root:Got TraCI message of length 2
DEBUG:root:Got TraCI command of length 1
DEBUG:root:Got TraCI command 0x0
DEBUG:root:Got CMD_GETVERSION
DEBUG:root:Got TraCI message of length 292
DEBUG:root:Got TraCI command of length 287
DEBUG:root:Got TraCI command 0x75
DEBUG:root:Got CMD_FILE_SEND for "sumo-launchd.launch.xml"
DEBUG:root:Got CMD_FILE_SEND with data "<launch>
  <copy file="sanfrancisco.net.xml"/>
  <copy file="sanfrancisco.rou.xml"/>
  <copy file="sanfrancisco.poly.xml"/>
  <copy file="sanfrancisco.sumo.cfg" type="config"/>
  <basedir path="/home/prodatalab/francisco/"/>
  <seed value="0"/>
</launch>
"
DEBUG:root:Creating temporary directory...
DEBUG:root:Temporary dir is /tmp/sumo-launchd-tmp-rauHqr
DEBUG:root:Base dir is /home/prodatalab/francisco/
DEBUG:root:Seed is 0
DEBUG:root:Finding free port number...
DEBUG:root:Claiming lock on port
DEBUG:root:...found port 42250
INFO:root:Starting SUMO (sumo-gui -c sanfrancisco.sumo.cfg) on port 42250, seed 0
DEBUG:root:Connecting to SUMO (sumo-gui -c sanfrancisco.sumo.cfg) on port 42250 (try 1)
DEBUG:root:Error ([Errno 111] Connection refused)
DEBUG:root:Connecting to SUMO (sumo-gui -c sanfrancisco.sumo.cfg) on port 42250 (try 2)
DEBUG:root:Releasing lock on port
DEBUG:root:Starting proxy mode
DEBUG:root:Done with proxy mode
DEBUG:root:Done with proxy mode, killing SUMO
DEBUG:root:SIGTERM
INFO:root:Done running SUMO
DEBUG:root:Cleaning up
DEBUG:root:Result: "<?xml version="1.0"?>
<status>
	<exit-code>-15</exit-code>
	<start>1408208673</start>
	<end>1408229031</end>
	<status>Exited with error code -15</status>
	<stdout><![CDATA[Loading configuration... done.
]]></stdout>
	<stderr><![CDATA[]]></stderr>
</status>
"
DEBUG:root:Closing connection from 127.0.0.1 on port 53580
DEBUG:root:Connection from 127.0.0.1 on port 59780
DEBUG:root:Handling connection from 127.0.0.1 on port 59780
DEBUG:root:Got TraCI message of length 2
DEBUG:root:Got TraCI command of length 1
DEBUG:root:Got TraCI command 0x0
DEBUG:root:Got CMD_GETVERSION
DEBUG:root:Got TraCI message of length 292
DEBUG:root:Got TraCI command of length 287
DEBUG:root:Got TraCI command 0x75
DEBUG:root:Got CMD_FILE_SEND for "sumo-launchd.launch.xml"
DEBUG:root:Got CMD_FILE_SEND with data "<launch>
  <copy file="sanfrancisco.net.xml"/>
  <copy file="sanfrancisco.rou.xml"/>
  <copy file="sanfrancisco.poly.xml"/>
  <copy file="sanfrancisco.sumo.cfg" type="config"/>
  <basedir path="/home/prodatalab/francisco/"/>
  <seed value="0"/>
</launch>
"
DEBUG:root:Creating temporary directory...
DEBUG:root:Temporary dir is /tmp/sumo-launchd-tmp-qI3cer
DEBUG:root:Base dir is /home/prodatalab/francisco/
DEBUG:root:Seed is 0
DEBUG:root:Finding free port number...
DEBUG:root:Claiming lock on port
DEBUG:root:...found port 54084
INFO:root:Starting SUMO (sumo-gui -c sanfrancisco.sumo.cfg) on port 54084, seed 0
DEBUG:root:Connecting to SUMO (sumo-gui -c sanfrancisco.sumo.cfg) on port 54084 (try 1)
DEBUG:root:Error ([Errno 111] Connection refused)
DEBUG:root:Connecting to SUMO (sumo-gui -c sanfrancisco.sumo.cfg) on port 54084 (try 2)
DEBUG:root:Releasing lock on port
DEBUG:root:Starting proxy mode
DEBUG:root:Done with proxy mode
DEBUG:root:Done with proxy mode, killing SUMO
DEBUG:root:SIGTERM
INFO:root:Done running SUMO
DEBUG:root:Cleaning up
DEBUG:root:Result: "<?xml version="1.0"?>
<status>
	<exit-code>-15</exit-code>
	<start>1408229043</start>
	<end>1408229236</end>
	<status>Exited with error code -15</status>
	<stdout><![CDATA[Loading configuration... done.
]]></stdout>
	<stderr><![CDATA[]]></stderr>
</status>
"
DEBUG:root:Closing connection from 127.0.0.1 on port 59780
DEBUG:root:Logging to sumo-launchd.log
INFO:root:Listening on port 9999
DEBUG:root:Connection from 127.0.0.1 on port 47226
DEBUG:root:Handling connection from 127.0.0.1 on port 47226
DEBUG:root:Got TraCI message of length 2
DEBUG:root:Got TraCI command of length 1
DEBUG:root:Got TraCI command 0x0
DEBUG:root:Got CMD_GETVERSION
DEBUG:root:Got TraCI message of length 292
DEBUG:root:Got TraCI command of length 287
DEBUG:root:Got TraCI command 0x75
DEBUG:root:Got CMD_FILE_SEND for "sumo-launchd.launch.xml"
DEBUG:root:Got CMD_FILE_SEND with data "<launch>
  <copy file="sanfrancisco.net.xml"/>
  <copy file="sanfrancisco.rou.xml"/>
  <copy file="sanfrancisco.poly.xml"/>
  <copy file="sanfrancisco.sumo.cfg" type="config"/>
  <basedir path="/home/prodatalab/francisco/"/>
  <seed value="0"/>
</launch>
"
DEBUG:root:Creating temporary directory...
DEBUG:root:Temporary dir is /tmp/sumo-launchd-tmp-ELPn2m
DEBUG:root:Base dir is /home/prodatalab/francisco/
DEBUG:root:Seed is 0
DEBUG:root:Finding free port number...
DEBUG:root:Claiming lock on port
DEBUG:root:...found port 59870
INFO:root:Starting SUMO (sumo-gui -c sanfrancisco.sumo.cfg) on port 59870, seed 0
DEBUG:root:Connecting to SUMO (sumo-gui -c sanfrancisco.sumo.cfg) on port 59870 (try 1)
DEBUG:root:Error ([Errno 111] Connection refused)
DEBUG:root:Connecting to SUMO (sumo-gui -c sanfrancisco.sumo.cfg) on port 59870 (try 2)
DEBUG:root:Error ([Errno 111] Connection refused)
DEBUG:root:Connecting to SUMO (sumo-gui -c sanfrancisco.sumo.cfg) on port 59870 (try 3)
DEBUG:root:Error ([Errno 111] Connection refused)
DEBUG:root:Connecting to SUMO (sumo-gui -c sanfrancisco.sumo.cfg) on port 59870 (try 4)
DEBUG:root:Releasing lock on port
DEBUG:root:Starting proxy mode
DEBUG:root:Done with proxy mode
DEBUG:root:Done with proxy mode, killing SUMO
DEBUG:root:SIGTERM
INFO:root:Done running SUMO
DEBUG:root:Cleaning up
DEBUG:root:Result: "<?xml version="1.0"?>
<status>
	<exit-code>-15</exit-code>
	<start>1408460495</start>
	<end>1408460552</end>
	<status>Exited with error code -15</status>
	<stdout><![CDATA[Loading configuration... done.
]]></stdout>
	<stderr><![CDATA[]]></stderr>
</status>
"
DEBUG:root:Closing connection from 127.0.0.1 on port 47226
DEBUG:root:Connection from 127.0.0.1 on port 47231
DEBUG:root:Handling connection from 127.0.0.1 on port 47231
DEBUG:root:Got TraCI message of length 2
DEBUG:root:Got TraCI command of length 1
DEBUG:root:Got TraCI command 0x0
DEBUG:root:Got CMD_GETVERSION
DEBUG:root:Got TraCI message of length 292
DEBUG:root:Got TraCI command of length 287
DEBUG:root:Got TraCI command 0x75
DEBUG:root:Got CMD_FILE_SEND for "sumo-launchd.launch.xml"
DEBUG:root:Got CMD_FILE_SEND with data "<launch>
  <copy file="sanfrancisco.net.xml"/>
  <copy file="sanfrancisco.rou.xml"/>
  <copy file="sanfrancisco.poly.xml"/>
  <copy file="sanfrancisco.sumo.cfg" type="config"/>
  <basedir path="/home/prodatalab/francisco/"/>
  <seed value="0"/>
</launch>
"
DEBUG:root:Creating temporary directory...
DEBUG:root:Temporary dir is /tmp/sumo-launchd-tmp-N5Gcdv
DEBUG:root:Base dir is /home/prodatalab/francisco/
DEBUG:root:Seed is 0
DEBUG:root:Finding free port number...
DEBUG:root:Claiming lock on port
DEBUG:root:...found port 35899
INFO:root:Starting SUMO (sumo-gui -c sanfrancisco.sumo.cfg) on port 35899, seed 0
DEBUG:root:Connecting to SUMO (sumo-gui -c sanfrancisco.sumo.cfg) on port 35899 (try 1)
DEBUG:root:Error ([Errno 111] Connection refused)
DEBUG:root:Connecting to SUMO (sumo-gui -c sanfrancisco.sumo.cfg) on port 35899 (try 2)
DEBUG:root:Releasing lock on port
DEBUG:root:Starting proxy mode
DEBUG:root:Done with proxy mode
DEBUG:root:Done with proxy mode, killing SUMO
DEBUG:root:SIGTERM
INFO:root:Done running SUMO
DEBUG:root:Cleaning up
DEBUG:root:Result: "<?xml version="1.0"?>
<status>
	<exit-code>-15</exit-code>
	<start>1408460569</start>
	<end>1408460618</end>
	<status>Exited with error code -15</status>
	<stdout><![CDATA[Loading configuration... done.
]]></stdout>
	<stderr><![CDATA[]]></stderr>
</status>
"
DEBUG:root:Closing connection from 127.0.0.1 on port 47231
WARNING:root:Keyboard interrupt.
INFO:root:Shutting down.
DEBUG:root:Logging to sumo-launchd.log
INFO:root:Listening on port 9999
DEBUG:root:Connection from 127.0.0.1 on port 53247
DEBUG:root:Handling connection from 127.0.0.1 on port 53247
DEBUG:root:Got TraCI message of length 2
DEBUG:root:Got TraCI command of length 1
DEBUG:root:Got TraCI command 0x0
DEBUG:root:Got CMD_GETVERSION
DEBUG:root:Got TraCI message of length 292
DEBUG:root:Got TraCI command of length 287
DEBUG:root:Got TraCI command 0x75
DEBUG:root:Got CMD_FILE_SEND for "sumo-launchd.launch.xml"
DEBUG:root:Got CMD_FILE_SEND with data "<launch>
  <copy file="sanfrancisco.net.xml"/>
  <copy file="sanfrancisco.rou.xml"/>
  <copy file="sanfrancisco.poly.xml"/>
  <copy file="sanfrancisco.sumo.cfg" type="config"/>
  <basedir path="/home/prodatalab/francisco/"/>
  <seed value="0"/>
</launch>
"
DEBUG:root:Creating temporary directory...
DEBUG:root:Temporary dir is /tmp/sumo-launchd-tmp-loUg3J
DEBUG:root:Base dir is /home/prodatalab/francisco/
DEBUG:root:Seed is 0
DEBUG:root:Finding free port number...
DEBUG:root:Claiming lock on port
DEBUG:root:...found port 56880
INFO:root:Starting SUMO (sumo-gui -c sanfrancisco.sumo.cfg) on port 56880, seed 0
DEBUG:root:Connecting to SUMO (sumo-gui -c sanfrancisco.sumo.cfg) on port 56880 (try 1)
DEBUG:root:Error ([Errno 111] Connection refused)
DEBUG:root:Connecting to SUMO (sumo-gui -c sanfrancisco.sumo.cfg) on port 56880 (try 2)
DEBUG:root:Error ([Errno 111] Connection refused)
DEBUG:root:Connecting to SUMO (sumo-gui -c sanfrancisco.sumo.cfg) on port 56880 (try 3)
DEBUG:root:Error ([Errno 111] Connection refused)
DEBUG:root:Connecting to SUMO (sumo-gui -c sanfrancisco.sumo.cfg) on port 56880 (try 4)
DEBUG:root:Releasing lock on port
DEBUG:root:Starting proxy mode
DEBUG:root:Done with proxy mode
DEBUG:root:Done with proxy mode, killing SUMO
DEBUG:root:SIGTERM
INFO:root:Done running SUMO
DEBUG:root:Cleaning up
DEBUG:root:Result: "<?xml version="1.0"?>
<status>
	<exit-code>-15</exit-code>
	<start>1409671702</start>
	<end>1409672929</end>
	<status>Exited with error code -15</status>
	<stdout><![CDATA[Loading configuration... done.
]]></stdout>
	<stderr><![CDATA[]]></stderr>
</status>
"
DEBUG:root:Closing connection from 127.0.0.1 on port 53247
DEBUG:root:Connection from 127.0.0.1 on port 53343
DEBUG:root:Handling connection from 127.0.0.1 on port 53343
DEBUG:root:Got TraCI message of length 2
DEBUG:root:Got TraCI command of length 1
DEBUG:root:Got TraCI command 0x0
DEBUG:root:Got CMD_GETVERSION
DEBUG:root:Got TraCI message of length 292
DEBUG:root:Got TraCI command of length 287
DEBUG:root:Got TraCI command 0x75
DEBUG:root:Got CMD_FILE_SEND for "sumo-launchd.launch.xml"
DEBUG:root:Got CMD_FILE_SEND with data "<launch>
  <copy file="sanfrancisco.net.xml"/>
  <copy file="sanfrancisco.rou.xml"/>
  <copy file="sanfrancisco.poly.xml"/>
  <copy file="sanfrancisco.sumo.cfg" type="config"/>
  <basedir path="/home/prodatalab/francisco/"/>
  <seed value="0"/>
</launch>
"
DEBUG:root:Creating temporary directory...
DEBUG:root:Temporary dir is /tmp/sumo-launchd-tmp-kVl9o7
DEBUG:root:Base dir is /home/prodatalab/francisco/
DEBUG:root:Seed is 0
DEBUG:root:Finding free port number...
DEBUG:root:Claiming lock on port
DEBUG:root:...found port 59685
INFO:root:Starting SUMO (sumo-gui -c sanfrancisco.sumo.cfg) on port 59685, seed 0
DEBUG:root:Connecting to SUMO (sumo-gui -c sanfrancisco.sumo.cfg) on port 59685 (try 1)
DEBUG:root:Error ([Errno 111] Connection refused)
DEBUG:root:Connecting to SUMO (sumo-gui -c sanfrancisco.sumo.cfg) on port 59685 (try 2)
DEBUG:root:Releasing lock on port
DEBUG:root:Starting proxy mode
DEBUG:root:Done with proxy mode
DEBUG:root:Done with proxy mode, killing SUMO
DEBUG:root:SIGTERM
INFO:root:Done running SUMO
DEBUG:root:Cleaning up
DEBUG:root:Result: "<?xml version="1.0"?>
<status>
	<exit-code>-15</exit-code>
	<start>1409672954</start>
	<end>1409673040</end>
	<status>Exited with error code -15</status>
	<stdout><![CDATA[Loading configuration... done.
]]></stdout>
	<stderr><![CDATA[]]></stderr>
</status>
"
DEBUG:root:Closing connection from 127.0.0.1 on port 53343
DEBUG:root:Connection from 127.0.0.1 on port 53347
DEBUG:root:Handling connection from 127.0.0.1 on port 53347
DEBUG:root:Got TraCI message of length 2
DEBUG:root:Got TraCI command of length 1
DEBUG:root:Got TraCI command 0x0
DEBUG:root:Got CMD_GETVERSION
DEBUG:root:Got TraCI message of length 292
DEBUG:root:Got TraCI command of length 287
DEBUG:root:Got TraCI command 0x75
DEBUG:root:Got CMD_FILE_SEND for "sumo-launchd.launch.xml"
DEBUG:root:Got CMD_FILE_SEND with data "<launch>
  <copy file="sanfrancisco.net.xml"/>
  <copy file="sanfrancisco.rou.xml"/>
  <copy file="sanfrancisco.poly.xml"/>
  <copy file="sanfrancisco.sumo.cfg" type="config"/>
  <basedir path="/home/prodatalab/francisco/"/>
  <seed value="0"/>
</launch>
"
DEBUG:root:Creating temporary directory...
DEBUG:root:Temporary dir is /tmp/sumo-launchd-tmp-nfGY9O
DEBUG:root:Base dir is /home/prodatalab/francisco/
DEBUG:root:Seed is 0
DEBUG:root:Finding free port number...
DEBUG:root:Claiming lock on port
DEBUG:root:...found port 41516
INFO:root:Starting SUMO (sumo-gui -c sanfrancisco.sumo.cfg) on port 41516, seed 0
DEBUG:root:Connecting to SUMO (sumo-gui -c sanfrancisco.sumo.cfg) on port 41516 (try 1)
DEBUG:root:Error ([Errno 111] Connection refused)
DEBUG:root:Connecting to SUMO (sumo-gui -c sanfrancisco.sumo.cfg) on port 41516 (try 2)
DEBUG:root:Releasing lock on port
DEBUG:root:Starting proxy mode
DEBUG:root:Done with proxy mode
DEBUG:root:Done with proxy mode, killing SUMO
DEBUG:root:SIGTERM
INFO:root:Done running SUMO
DEBUG:root:Cleaning up
DEBUG:root:Result: "<?xml version="1.0"?>
<status>
	<exit-code>-15</exit-code>
	<start>1409673053</start>
	<end>1409674638</end>
	<status>Exited with error code -15</status>
	<stdout><![CDATA[Loading configuration... done.
]]></stdout>
	<stderr><![CDATA[]]></stderr>
</status>
"
DEBUG:root:Closing connection from 127.0.0.1 on port 53347
DEBUG:root:Connection from 127.0.0.1 on port 53534
DEBUG:root:Handling connection from 127.0.0.1 on port 53534
DEBUG:root:Got TraCI message of length 2
DEBUG:root:Got TraCI command of length 1
DEBUG:root:Got TraCI command 0x0
DEBUG:root:Got CMD_GETVERSION
DEBUG:root:Got TraCI message of length 292
DEBUG:root:Got TraCI command of length 287
DEBUG:root:Got TraCI command 0x75
DEBUG:root:Got CMD_FILE_SEND for "sumo-launchd.launch.xml"
DEBUG:root:Got CMD_FILE_SEND with data "<launch>
  <copy file="sanfrancisco.net.xml"/>
  <copy file="sanfrancisco.rou.xml"/>
  <copy file="sanfrancisco.poly.xml"/>
  <copy file="sanfrancisco.sumo.cfg" type="config"/>
  <basedir path="/home/prodatalab/francisco/"/>
  <seed value="0"/>
</launch>
"
DEBUG:root:Creating temporary directory...
DEBUG:root:Temporary dir is /tmp/sumo-launchd-tmp-5lFDyz
DEBUG:root:Base dir is /home/prodatalab/francisco/
DEBUG:root:Seed is 0
DEBUG:root:Finding free port number...
DEBUG:root:Claiming lock on port
DEBUG:root:...found port 33042
INFO:root:Starting SUMO (sumo-gui -c sanfrancisco.sumo.cfg) on port 33042, seed 0
DEBUG:root:Connecting to SUMO (sumo-gui -c sanfrancisco.sumo.cfg) on port 33042 (try 1)
DEBUG:root:Error ([Errno 111] Connection refused)
DEBUG:root:Connecting to SUMO (sumo-gui -c sanfrancisco.sumo.cfg) on port 33042 (try 2)
DEBUG:root:Releasing lock on port
DEBUG:root:Starting proxy mode
DEBUG:root:Done with proxy mode
DEBUG:root:Done with proxy mode, killing SUMO
DEBUG:root:SIGTERM
INFO:root:Done running SUMO
DEBUG:root:Cleaning up
DEBUG:root:Result: "<?xml version="1.0"?>
<status>
	<exit-code>-15</exit-code>
	<start>1409674660</start>
	<end>1409674755</end>
	<status>Exited with error code -15</status>
	<stdout><![CDATA[Loading configuration... done.
]]></stdout>
	<stderr><![CDATA[]]></stderr>
</status>
"
DEBUG:root:Closing connection from 127.0.0.1 on port 53534
DEBUG:root:Connection from 127.0.0.1 on port 55263
DEBUG:root:Handling connection from 127.0.0.1 on port 55263
DEBUG:root:Got TraCI message of length 2
DEBUG:root:Got TraCI command of length 1
DEBUG:root:Got TraCI command 0x0
DEBUG:root:Got CMD_GETVERSION
DEBUG:root:Got TraCI message of length 292
DEBUG:root:Got TraCI command of length 287
DEBUG:root:Got TraCI command 0x75
DEBUG:root:Got CMD_FILE_SEND for "sumo-launchd.launch.xml"
DEBUG:root:Got CMD_FILE_SEND with data "<launch>
  <copy file="sanfrancisco.net.xml"/>
  <copy file="sanfrancisco.rou.xml"/>
  <copy file="sanfrancisco.poly.xml"/>
  <copy file="sanfrancisco.sumo.cfg" type="config"/>
  <basedir path="/home/prodatalab/francisco/"/>
  <seed value="0"/>
</launch>
"
DEBUG:root:Creating temporary directory...
DEBUG:root:Temporary dir is /tmp/sumo-launchd-tmp-XX2C3e
DEBUG:root:Base dir is /home/prodatalab/francisco/
DEBUG:root:Seed is 0
DEBUG:root:Finding free port number...
DEBUG:root:Claiming lock on port
DEBUG:root:...found port 36284
INFO:root:Starting SUMO (sumo-gui -c sanfrancisco.sumo.cfg) on port 36284, seed 0
DEBUG:root:Connecting to SUMO (sumo-gui -c sanfrancisco.sumo.cfg) on port 36284 (try 1)
DEBUG:root:Error ([Errno 111] Connection refused)
DEBUG:root:Connecting to SUMO (sumo-gui -c sanfrancisco.sumo.cfg) on port 36284 (try 2)
DEBUG:root:Releasing lock on port
DEBUG:root:Starting proxy mode
DEBUG:root:Done with proxy mode
DEBUG:root:Done with proxy mode, killing SUMO
DEBUG:root:SIGTERM
INFO:root:Done running SUMO
DEBUG:root:Cleaning up
DEBUG:root:Result: "<?xml version="1.0"?>
<status>
	<exit-code>-15</exit-code>
	<start>1409678303</start>
	<end>1409678366</end>
	<status>Exited with error code -15</status>
	<stdout><![CDATA[Loading configuration... done.
]]></stdout>
	<stderr><![CDATA[]]></stderr>
</status>
"
DEBUG:root:Closing connection from 127.0.0.1 on port 55263
DEBUG:root:Connection from 127.0.0.1 on port 55854
DEBUG:root:Handling connection from 127.0.0.1 on port 55854
DEBUG:root:Got TraCI message of length 2
DEBUG:root:Got TraCI command of length 1
DEBUG:root:Got TraCI command 0x0
DEBUG:root:Got CMD_GETVERSION
DEBUG:root:Got TraCI message of length 292
DEBUG:root:Got TraCI command of length 287
DEBUG:root:Got TraCI command 0x75
DEBUG:root:Got CMD_FILE_SEND for "sumo-launchd.launch.xml"
DEBUG:root:Got CMD_FILE_SEND with data "<launch>
  <copy file="sanfrancisco.net.xml"/>
  <copy file="sanfrancisco.rou.xml"/>
  <copy file="sanfrancisco.poly.xml"/>
  <copy file="sanfrancisco.sumo.cfg" type="config"/>
  <basedir path="/home/prodatalab/francisco/"/>
  <seed value="0"/>
</launch>
"
DEBUG:root:Creating temporary directory...
DEBUG:root:Temporary dir is /tmp/sumo-launchd-tmp-t4i30v
DEBUG:root:Base dir is /home/prodatalab/francisco/
DEBUG:root:Seed is 0
DEBUG:root:Finding free port number...
DEBUG:root:Claiming lock on port
DEBUG:root:...found port 45206
INFO:root:Starting SUMO (sumo-gui -c sanfrancisco.sumo.cfg) on port 45206, seed 0
DEBUG:root:Connecting to SUMO (sumo-gui -c sanfrancisco.sumo.cfg) on port 45206 (try 1)
DEBUG:root:Error ([Errno 111] Connection refused)
DEBUG:root:Connecting to SUMO (sumo-gui -c sanfrancisco.sumo.cfg) on port 45206 (try 2)
DEBUG:root:Releasing lock on port
DEBUG:root:Starting proxy mode
DEBUG:root:Done with proxy mode
DEBUG:root:Done with proxy mode, killing SUMO
DEBUG:root:SIGTERM
INFO:root:Done running SUMO
DEBUG:root:Cleaning up
DEBUG:root:Result: "<?xml version="1.0"?>
<status>
	<exit-code>-15</exit-code>
	<start>1409681918</start>
	<end>1409681980</end>
	<status>Exited with error code -15</status>
	<stdout><![CDATA[Loading configuration... done.
]]></stdout>
	<stderr><![CDATA[]]></stderr>
</status>
"
DEBUG:root:Closing connection from 127.0.0.1 on port 55854
DEBUG:root:Connection from 127.0.0.1 on port 55991
DEBUG:root:Handling connection from 127.0.0.1 on port 55991
DEBUG:root:Got TraCI message of length 2
DEBUG:root:Got TraCI command of length 1
DEBUG:root:Got TraCI command 0x0
DEBUG:root:Got CMD_GETVERSION
DEBUG:root:Got TraCI message of length 292
DEBUG:root:Got TraCI command of length 287
DEBUG:root:Got TraCI command 0x75
DEBUG:root:Got CMD_FILE_SEND for "sumo-launchd.launch.xml"
DEBUG:root:Got CMD_FILE_SEND with data "<launch>
  <copy file="sanfrancisco.net.xml"/>
  <copy file="sanfrancisco.rou.xml"/>
  <copy file="sanfrancisco.poly.xml"/>
  <copy file="sanfrancisco.sumo.cfg" type="config"/>
  <basedir path="/home/prodatalab/francisco/"/>
  <seed value="0"/>
</launch>
"
DEBUG:root:Creating temporary directory...
DEBUG:root:Temporary dir is /tmp/sumo-launchd-tmp-fjTGNO
DEBUG:root:Base dir is /home/prodatalab/francisco/
DEBUG:root:Seed is 0
DEBUG:root:Finding free port number...
DEBUG:root:Claiming lock on port
DEBUG:root:...found port 37950
INFO:root:Starting SUMO (sumo-gui -c sanfrancisco.sumo.cfg) on port 37950, seed 0
DEBUG:root:Connecting to SUMO (sumo-gui -c sanfrancisco.sumo.cfg) on port 37950 (try 1)
DEBUG:root:Error ([Errno 111] Connection refused)
DEBUG:root:Connecting to SUMO (sumo-gui -c sanfrancisco.sumo.cfg) on port 37950 (try 2)
DEBUG:root:Releasing lock on port
DEBUG:root:Starting proxy mode
DEBUG:root:Done with proxy mode
DEBUG:root:Done with proxy mode, killing SUMO
DEBUG:root:SIGTERM
INFO:root:Done running SUMO
DEBUG:root:Cleaning up
DEBUG:root:Result: "<?xml version="1.0"?>
<status>
	<exit-code>-15</exit-code>
	<start>1409682245</start>
	<end>1409682271</end>
	<status>Exited with error code -15</status>
	<stdout><![CDATA[Loading configuration... done.
]]></stdout>
	<stderr><![CDATA[]]></stderr>
</status>
"
DEBUG:root:Closing connection from 127.0.0.1 on port 55991
DEBUG:root:Connection from 127.0.0.1 on port 56030
DEBUG:root:Handling connection from 127.0.0.1 on port 56030
DEBUG:root:Got TraCI message of length 2
DEBUG:root:Got TraCI command of length 1
DEBUG:root:Got TraCI command 0x0
DEBUG:root:Got CMD_GETVERSION
DEBUG:root:Got TraCI message of length 292
DEBUG:root:Got TraCI command of length 287
DEBUG:root:Got TraCI command 0x75
DEBUG:root:Got CMD_FILE_SEND for "sumo-launchd.launch.xml"
DEBUG:root:Got CMD_FILE_SEND with data "<launch>
  <copy file="sanfrancisco.net.xml"/>
  <copy file="sanfrancisco.rou.xml"/>
  <copy file="sanfrancisco.poly.xml"/>
  <copy file="sanfrancisco.sumo.cfg" type="config"/>
  <basedir path="/home/prodatalab/francisco/"/>
  <seed value="0"/>
</launch>
"
DEBUG:root:Creating temporary directory...
DEBUG:root:Temporary dir is /tmp/sumo-launchd-tmp-X5grLo
DEBUG:root:Base dir is /home/prodatalab/francisco/
DEBUG:root:Seed is 0
DEBUG:root:Finding free port number...
DEBUG:root:Claiming lock on port
DEBUG:root:...found port 57673
INFO:root:Starting SUMO (sumo-gui -c sanfrancisco.sumo.cfg) on port 57673, seed 0
DEBUG:root:Connecting to SUMO (sumo-gui -c sanfrancisco.sumo.cfg) on port 57673 (try 1)
DEBUG:root:Error ([Errno 111] Connection refused)
DEBUG:root:Connecting to SUMO (sumo-gui -c sanfrancisco.sumo.cfg) on port 57673 (try 2)
DEBUG:root:Releasing lock on port
DEBUG:root:Starting proxy mode
DEBUG:root:Done with proxy mode
DEBUG:root:Done with proxy mode, killing SUMO
DEBUG:root:SIGTERM
INFO:root:Done running SUMO
DEBUG:root:Cleaning up
DEBUG:root:Result: "<?xml version="1.0"?>
<status>
	<exit-code>-15</exit-code>
	<start>1409682340</start>
	<end>1409682440</end>
	<status>Exited with error code -15</status>
	<stdout><![CDATA[Loading configuration... done.
]]></stdout>
	<stderr><![CDATA[]]></stderr>
</status>
"
DEBUG:root:Closing connection from 127.0.0.1 on port 56030
DEBUG:root:Connection from 127.0.0.1 on port 56095
DEBUG:root:Handling connection from 127.0.0.1 on port 56095
DEBUG:root:Got TraCI message of length 2
DEBUG:root:Got TraCI command of length 1
DEBUG:root:Got TraCI command 0x0
DEBUG:root:Got CMD_GETVERSION
DEBUG:root:Got TraCI message of length 292
DEBUG:root:Got TraCI command of length 287
DEBUG:root:Got TraCI command 0x75
DEBUG:root:Got CMD_FILE_SEND for "sumo-launchd.launch.xml"
DEBUG:root:Got CMD_FILE_SEND with data "<launch>
  <copy file="sanfrancisco.net.xml"/>
  <copy file="sanfrancisco.rou.xml"/>
  <copy file="sanfrancisco.poly.xml"/>
  <copy file="sanfrancisco.sumo.cfg" type="config"/>
  <basedir path="/home/prodatalab/francisco/"/>
  <seed value="0"/>
</launch>
"
DEBUG:root:Creating temporary directory...
DEBUG:root:Temporary dir is /tmp/sumo-launchd-tmp-lj4JuP
DEBUG:root:Base dir is /home/prodatalab/francisco/
DEBUG:root:Seed is 0
DEBUG:root:Finding free port number...
DEBUG:root:Claiming lock on port
DEBUG:root:...found port 56953
INFO:root:Starting SUMO (sumo-gui -c sanfrancisco.sumo.cfg) on port 56953, seed 0
DEBUG:root:Connecting to SUMO (sumo-gui -c sanfrancisco.sumo.cfg) on port 56953 (try 1)
DEBUG:root:Error ([Errno 111] Connection refused)
DEBUG:root:Connecting to SUMO (sumo-gui -c sanfrancisco.sumo.cfg) on port 56953 (try 2)
DEBUG:root:Releasing lock on port
DEBUG:root:Starting proxy mode
DEBUG:root:Done with proxy mode
DEBUG:root:Done with proxy mode, killing SUMO
DEBUG:root:SIGTERM
INFO:root:Done running SUMO
DEBUG:root:Cleaning up
DEBUG:root:Result: "<?xml version="1.0"?>
<status>
	<exit-code>-15</exit-code>
	<start>1409682479</start>
	<end>1409682548</end>
	<status>Exited with error code -15</status>
	<stdout><![CDATA[Loading configuration... done.
]]></stdout>
	<stderr><![CDATA[]]></stderr>
</status>
"
DEBUG:root:Closing connection from 127.0.0.1 on port 56095
DEBUG:root:Connection from 127.0.0.1 on port 56809
DEBUG:root:Handling connection from 127.0.0.1 on port 56809
DEBUG:root:Got TraCI message of length 2
DEBUG:root:Got TraCI command of length 1
DEBUG:root:Got TraCI command 0x0
DEBUG:root:Got CMD_GETVERSION
DEBUG:root:Got TraCI message of length 292
DEBUG:root:Got TraCI command of length 287
DEBUG:root:Got TraCI command 0x75
DEBUG:root:Got CMD_FILE_SEND for "sumo-launchd.launch.xml"
DEBUG:root:Got CMD_FILE_SEND with data "<launch>
  <copy file="sanfrancisco.net.xml"/>
  <copy file="sanfrancisco.rou.xml"/>
  <copy file="sanfrancisco.poly.xml"/>
  <copy file="sanfrancisco.sumo.cfg" type="config"/>
  <basedir path="/home/prodatalab/francisco/"/>
  <seed value="0"/>
</launch>
"
DEBUG:root:Creating temporary directory...
DEBUG:root:Temporary dir is /tmp/sumo-launchd-tmp-jZyWTC
DEBUG:root:Base dir is /home/prodatalab/francisco/
DEBUG:root:Seed is 0
DEBUG:root:Finding free port number...
DEBUG:root:Claiming lock on port
DEBUG:root:...found port 40934
INFO:root:Starting SUMO (sumo-gui -c sanfrancisco.sumo.cfg) on port 40934, seed 0
DEBUG:root:Connecting to SUMO (sumo-gui -c sanfrancisco.sumo.cfg) on port 40934 (try 1)
DEBUG:root:Error ([Errno 111] Connection refused)
DEBUG:root:Connecting to SUMO (sumo-gui -c sanfrancisco.sumo.cfg) on port 40934 (try 2)
DEBUG:root:Releasing lock on port
DEBUG:root:Starting proxy mode
DEBUG:root:Done with proxy mode
DEBUG:root:Done with proxy mode, killing SUMO
DEBUG:root:SIGTERM
INFO:root:Done running SUMO
DEBUG:root:Cleaning up
DEBUG:root:Result: "<?xml version="1.0"?>
<status>
	<exit-code>-15</exit-code>
	<start>1409683944</start>
	<end>1409683993</end>
	<status>Exited with error code -15</status>
	<stdout><![CDATA[Loading configuration... done.
]]></stdout>
	<stderr><![CDATA[]]></stderr>
</status>
"
DEBUG:root:Closing connection from 127.0.0.1 on port 56809
DEBUG:root:Connection from 127.0.0.1 on port 56842
DEBUG:root:Handling connection from 127.0.0.1 on port 56842
DEBUG:root:Got TraCI message of length 2
DEBUG:root:Got TraCI command of length 1
DEBUG:root:Got TraCI command 0x0
DEBUG:root:Got CMD_GETVERSION
DEBUG:root:Got TraCI message of length 292
DEBUG:root:Got TraCI command of length 287
DEBUG:root:Got TraCI command 0x75
DEBUG:root:Got CMD_FILE_SEND for "sumo-launchd.launch.xml"
DEBUG:root:Got CMD_FILE_SEND with data "<launch>
  <copy file="sanfrancisco.net.xml"/>
  <copy file="sanfrancisco.rou.xml"/>
  <copy file="sanfrancisco.poly.xml"/>
  <copy file="sanfrancisco.sumo.cfg" type="config"/>
  <basedir path="/home/prodatalab/francisco/"/>
  <seed value="0"/>
</launch>
"
DEBUG:root:Creating temporary directory...
DEBUG:root:Temporary dir is /tmp/sumo-launchd-tmp-7fSh1x
DEBUG:root:Base dir is /home/prodatalab/francisco/
DEBUG:root:Seed is 0
DEBUG:root:Finding free port number...
DEBUG:root:Claiming lock on port
DEBUG:root:...found port 54606
INFO:root:Starting SUMO (sumo-gui -c sanfrancisco.sumo.cfg) on port 54606, seed 0
DEBUG:root:Connecting to SUMO (sumo-gui -c sanfrancisco.sumo.cfg) on port 54606 (try 1)
DEBUG:root:Error ([Errno 111] Connection refused)
DEBUG:root:Connecting to SUMO (sumo-gui -c sanfrancisco.sumo.cfg) on port 54606 (try 2)
DEBUG:root:Releasing lock on port
DEBUG:root:Starting proxy mode
DEBUG:root:Done with proxy mode
DEBUG:root:Done with proxy mode, killing SUMO
DEBUG:root:SIGTERM
INFO:root:Done running SUMO
DEBUG:root:Cleaning up
DEBUG:root:Result: "<?xml version="1.0"?>
<status>
	<exit-code>-15</exit-code>
	<start>1409684027</start>
	<end>1409684080</end>
	<status>Exited with error code -15</status>
	<stdout><![CDATA[Loading configuration... done.
]]></stdout>
	<stderr><![CDATA[]]></stderr>
</status>
"
DEBUG:root:Closing connection from 127.0.0.1 on port 56842
DEBUG:root:Connection from 127.0.0.1 on port 57169
DEBUG:root:Handling connection from 127.0.0.1 on port 57169
DEBUG:root:Got TraCI message of length 2
DEBUG:root:Got TraCI command of length 1
DEBUG:root:Got TraCI command 0x0
DEBUG:root:Got CMD_GETVERSION
DEBUG:root:Got TraCI message of length 292
DEBUG:root:Got TraCI command of length 287
DEBUG:root:Got TraCI command 0x75
DEBUG:root:Got CMD_FILE_SEND for "sumo-launchd.launch.xml"
DEBUG:root:Got CMD_FILE_SEND with data "<launch>
  <copy file="sanfrancisco.net.xml"/>
  <copy file="sanfrancisco.rou.xml"/>
  <copy file="sanfrancisco.poly.xml"/>
  <copy file="sanfrancisco.sumo.cfg" type="config"/>
  <basedir path="/home/prodatalab/francisco/"/>
  <seed value="0"/>
</launch>
"
DEBUG:root:Creating temporary directory...
DEBUG:root:Temporary dir is /tmp/sumo-launchd-tmp-0EzMqY
DEBUG:root:Base dir is /home/prodatalab/francisco/
DEBUG:root:Seed is 0
DEBUG:root:Finding free port number...
DEBUG:root:Claiming lock on port
DEBUG:root:...found port 35792
INFO:root:Starting SUMO (sumo-gui -c sanfrancisco.sumo.cfg) on port 35792, seed 0
DEBUG:root:Connecting to SUMO (sumo-gui -c sanfrancisco.sumo.cfg) on port 35792 (try 1)
DEBUG:root:Error ([Errno 111] Connection refused)
DEBUG:root:Connecting to SUMO (sumo-gui -c sanfrancisco.sumo.cfg) on port 35792 (try 2)
DEBUG:root:Releasing lock on port
DEBUG:root:Starting proxy mode
DEBUG:root:Done with proxy mode
DEBUG:root:Done with proxy mode, killing SUMO
DEBUG:root:SIGTERM
INFO:root:Done running SUMO
DEBUG:root:Cleaning up
DEBUG:root:Result: "<?xml version="1.0"?>
<status>
	<exit-code>-15</exit-code>
	<start>1409684626</start>
	<end>1409684746</end>
	<status>Exited with error code -15</status>
	<stdout><![CDATA[Loading configuration... done.
]]></stdout>
	<stderr><![CDATA[]]></stderr>
</status>
"
DEBUG:root:Closing connection from 127.0.0.1 on port 57169
DEBUG:root:Connection from 127.0.0.1 on port 57467
DEBUG:root:Handling connection from 127.0.0.1 on port 57467
DEBUG:root:Got TraCI message of length 2
DEBUG:root:Got TraCI command of length 1
DEBUG:root:Got TraCI command 0x0
DEBUG:root:Got CMD_GETVERSION
DEBUG:root:Got TraCI message of length 292
DEBUG:root:Got TraCI command of length 287
DEBUG:root:Got TraCI command 0x75
DEBUG:root:Got CMD_FILE_SEND for "sumo-launchd.launch.xml"
DEBUG:root:Got CMD_FILE_SEND with data "<launch>
  <copy file="sanfrancisco.net.xml"/>
  <copy file="sanfrancisco.rou.xml"/>
  <copy file="sanfrancisco.poly.xml"/>
  <copy file="sanfrancisco.sumo.cfg" type="config"/>
  <basedir path="/home/prodatalab/francisco/"/>
  <seed value="0"/>
</launch>
"
DEBUG:root:Creating temporary directory...
DEBUG:root:Temporary dir is /tmp/sumo-launchd-tmp-seLmIc
DEBUG:root:Base dir is /home/prodatalab/francisco/
DEBUG:root:Seed is 0
DEBUG:root:Finding free port number...
DEBUG:root:Claiming lock on port
DEBUG:root:...found port 49378
INFO:root:Starting SUMO (sumo-gui -c sanfrancisco.sumo.cfg) on port 49378, seed 0
DEBUG:root:Connecting to SUMO (sumo-gui -c sanfrancisco.sumo.cfg) on port 49378 (try 1)
DEBUG:root:Error ([Errno 111] Connection refused)
DEBUG:root:Connecting to SUMO (sumo-gui -c sanfrancisco.sumo.cfg) on port 49378 (try 2)
DEBUG:root:Releasing lock on port
DEBUG:root:Starting proxy mode
DEBUG:root:Done with proxy mode
DEBUG:root:Done with proxy mode, killing SUMO
DEBUG:root:SIGTERM
INFO:root:Done running SUMO
DEBUG:root:Cleaning up
DEBUG:root:Result: "<?xml version="1.0"?>
<status>
	<exit-code>-15</exit-code>
	<start>1409685306</start>
	<end>1409685369</end>
	<status>Exited with error code -15</status>
	<stdout><![CDATA[Loading configuration... done.
]]></stdout>
	<stderr><![CDATA[]]></stderr>
</status>
"
DEBUG:root:Closing connection from 127.0.0.1 on port 57467
DEBUG:root:Logging to sumo-launchd.log
INFO:root:Listening on port 9999
DEBUG:root:Connection from 127.0.0.1 on port 58629
DEBUG:root:Handling connection from 127.0.0.1 on port 58629
DEBUG:root:Got TraCI message of length 2
DEBUG:root:Got TraCI command of length 1
DEBUG:root:Got TraCI command 0x0
DEBUG:root:Got CMD_GETVERSION
DEBUG:root:Got TraCI message of length 292
DEBUG:root:Got TraCI command of length 287
DEBUG:root:Got TraCI command 0x75
DEBUG:root:Got CMD_FILE_SEND for "sumo-launchd.launch.xml"
DEBUG:root:Got CMD_FILE_SEND with data "<launch>
  <copy file="sanfrancisco.net.xml"/>
  <copy file="sanfrancisco.rou.xml"/>
  <copy file="sanfrancisco.poly.xml"/>
  <copy file="sanfrancisco.sumo.cfg" type="config"/>
  <basedir path="/home/prodatalab/francisco/"/>
  <seed value="0"/>
</launch>
"
DEBUG:root:Creating temporary directory...
DEBUG:root:Temporary dir is /tmp/sumo-launchd-tmp-FTRCep
DEBUG:root:Base dir is /home/prodatalab/francisco/
DEBUG:root:Seed is 0
DEBUG:root:Finding free port number...
DEBUG:root:Claiming lock on port
DEBUG:root:...found port 60552
INFO:root:Starting SUMO (sumo-gui -c sanfrancisco.sumo.cfg) on port 60552, seed 0
DEBUG:root:Connecting to SUMO (sumo-gui -c sanfrancisco.sumo.cfg) on port 60552 (try 1)
DEBUG:root:Error ([Errno 111] Connection refused)
DEBUG:root:Connecting to SUMO (sumo-gui -c sanfrancisco.sumo.cfg) on port 60552 (try 2)
DEBUG:root:Releasing lock on port
DEBUG:root:Starting proxy mode
DEBUG:root:Done with proxy mode
DEBUG:root:Done with proxy mode, killing SUMO
DEBUG:root:SIGTERM
INFO:root:Done running SUMO
DEBUG:root:Cleaning up
DEBUG:root:Result: "<?xml version="1.0"?>
<status>
	<exit-code>-15</exit-code>
	<start>1409687729</start>
	<end>1409687817</end>
	<status>Exited with error code -15</status>
	<stdout><![CDATA[Loading configuration... done.
]]></stdout>
	<stderr><![CDATA[]]></stderr>
</status>
"
DEBUG:root:Closing connection from 127.0.0.1 on port 58629
DEBUG:root:Connection from 127.0.0.1 on port 58706
DEBUG:root:Handling connection from 127.0.0.1 on port 58706
DEBUG:root:Got TraCI message of length 2
DEBUG:root:Got TraCI command of length 1
DEBUG:root:Got TraCI command 0x0
DEBUG:root:Got CMD_GETVERSION
DEBUG:root:Got TraCI message of length 292
DEBUG:root:Got TraCI command of length 287
DEBUG:root:Got TraCI command 0x75
DEBUG:root:Got CMD_FILE_SEND for "sumo-launchd.launch.xml"
DEBUG:root:Got CMD_FILE_SEND with data "<launch>
  <copy file="sanfrancisco.net.xml"/>
  <copy file="sanfrancisco.rou.xml"/>
  <copy file="sanfrancisco.poly.xml"/>
  <copy file="sanfrancisco.sumo.cfg" type="config"/>
  <basedir path="/home/prodatalab/francisco/"/>
  <seed value="0"/>
</launch>
"
DEBUG:root:Creating temporary directory...
DEBUG:root:Temporary dir is /tmp/sumo-launchd-tmp-J33H7n
DEBUG:root:Base dir is /home/prodatalab/francisco/
DEBUG:root:Seed is 0
DEBUG:root:Finding free port number...
DEBUG:root:Claiming lock on port
DEBUG:root:...found port 57522
INFO:root:Starting SUMO (sumo-gui -c sanfrancisco.sumo.cfg) on port 57522, seed 0
DEBUG:root:Connecting to SUMO (sumo-gui -c sanfrancisco.sumo.cfg) on port 57522 (try 1)
DEBUG:root:Error ([Errno 111] Connection refused)
DEBUG:root:Connecting to SUMO (sumo-gui -c sanfrancisco.sumo.cfg) on port 57522 (try 2)
DEBUG:root:Releasing lock on port
DEBUG:root:Starting proxy mode
DEBUG:root:Done with proxy mode
DEBUG:root:Done with proxy mode, killing SUMO
DEBUG:root:SIGTERM
INFO:root:Done running SUMO
DEBUG:root:Cleaning up
DEBUG:root:Result: "<?xml version="1.0"?>
<status>
	<exit-code>-15</exit-code>
	<start>1409687911</start>
	<end>1409687976</end>
	<status>Exited with error code -15</status>
	<stdout><![CDATA[Loading configuration... done.
]]></stdout>
	<stderr><![CDATA[]]></stderr>
</status>
"
DEBUG:root:Closing connection from 127.0.0.1 on port 58706
DEBUG:root:Connection from 127.0.0.1 on port 59028
DEBUG:root:Handling connection from 127.0.0.1 on port 59028
DEBUG:root:Got TraCI message of length 2
DEBUG:root:Got TraCI command of length 1
DEBUG:root:Got TraCI command 0x0
DEBUG:root:Got CMD_GETVERSION
DEBUG:root:Got TraCI message of length 292
DEBUG:root:Got TraCI command of length 287
DEBUG:root:Got TraCI command 0x75
DEBUG:root:Got CMD_FILE_SEND for "sumo-launchd.launch.xml"
DEBUG:root:Got CMD_FILE_SEND with data "<launch>
  <copy file="sanfrancisco.net.xml"/>
  <copy file="sanfrancisco.rou.xml"/>
  <copy file="sanfrancisco.poly.xml"/>
  <copy file="sanfrancisco.sumo.cfg" type="config"/>
  <basedir path="/home/prodatalab/francisco/"/>
  <seed value="0"/>
</launch>
"
DEBUG:root:Creating temporary directory...
DEBUG:root:Temporary dir is /tmp/sumo-launchd-tmp-vrqtZb
DEBUG:root:Base dir is /home/prodatalab/francisco/
DEBUG:root:Seed is 0
DEBUG:root:Finding free port number...
DEBUG:root:Claiming lock on port
DEBUG:root:...found port 58340
INFO:root:Starting SUMO (sumo-gui -c sanfrancisco.sumo.cfg) on port 58340, seed 0
DEBUG:root:Connecting to SUMO (sumo-gui -c sanfrancisco.sumo.cfg) on port 58340 (try 1)
DEBUG:root:Error ([Errno 111] Connection refused)
DEBUG:root:Connecting to SUMO (sumo-gui -c sanfrancisco.sumo.cfg) on port 58340 (try 2)
DEBUG:root:Releasing lock on port
DEBUG:root:Starting proxy mode
DEBUG:root:Done with proxy mode
DEBUG:root:Done with proxy mode, killing SUMO
DEBUG:root:SIGTERM
INFO:root:Done running SUMO
DEBUG:root:Cleaning up
DEBUG:root:Result: "<?xml version="1.0"?>
<status>
	<exit-code>-15</exit-code>
	<start>1409688612</start>
	<end>1409688617</end>
	<status>Exited with error code -15</status>
	<stdout><![CDATA[Loading configuration... done.
]]></stdout>
	<stderr><![CDATA[]]></stderr>
</status>
"
DEBUG:root:Closing connection from 127.0.0.1 on port 59028
DEBUG:root:Connection from 127.0.0.1 on port 59050
DEBUG:root:Handling connection from 127.0.0.1 on port 59050
DEBUG:root:Got TraCI message of length 2
DEBUG:root:Got TraCI command of length 1
DEBUG:root:Got TraCI command 0x0
DEBUG:root:Got CMD_GETVERSION
DEBUG:root:Got TraCI message of length 292
DEBUG:root:Got TraCI command of length 287
DEBUG:root:Got TraCI command 0x75
DEBUG:root:Got CMD_FILE_SEND for "sumo-launchd.launch.xml"
DEBUG:root:Got CMD_FILE_SEND with data "<launch>
  <copy file="sanfrancisco.net.xml"/>
  <copy file="sanfrancisco.rou.xml"/>
  <copy file="sanfrancisco.poly.xml"/>
  <copy file="sanfrancisco.sumo.cfg" type="config"/>
  <basedir path="/home/prodatalab/francisco/"/>
  <seed value="0"/>
</launch>
"
DEBUG:root:Creating temporary directory...
DEBUG:root:Temporary dir is /tmp/sumo-launchd-tmp-oEqVWM
DEBUG:root:Base dir is /home/prodatalab/francisco/
DEBUG:root:Seed is 0
DEBUG:root:Finding free port number...
DEBUG:root:Claiming lock on port
DEBUG:root:...found port 58026
INFO:root:Starting SUMO (sumo-gui -c sanfrancisco.sumo.cfg) on port 58026, seed 0
DEBUG:root:Connecting to SUMO (sumo-gui -c sanfrancisco.sumo.cfg) on port 58026 (try 1)
DEBUG:root:Error ([Errno 111] Connection refused)
DEBUG:root:Connecting to SUMO (sumo-gui -c sanfrancisco.sumo.cfg) on port 58026 (try 2)
DEBUG:root:Releasing lock on port
DEBUG:root:Starting proxy mode
DEBUG:root:Done with proxy mode
DEBUG:root:Done with proxy mode, killing SUMO
DEBUG:root:SIGTERM
INFO:root:Done running SUMO
DEBUG:root:Cleaning up
DEBUG:root:Result: "<?xml version="1.0"?>
<status>
	<exit-code>-15</exit-code>
	<start>1409688648</start>
	<end>1409688758</end>
	<status>Exited with error code -15</status>
	<stdout><![CDATA[Loading configuration... done.
]]></stdout>
	<stderr><![CDATA[]]></stderr>
</status>
"
DEBUG:root:Closing connection from 127.0.0.1 on port 59050
DEBUG:root:Connection from 127.0.0.1 on port 59108
DEBUG:root:Handling connection from 127.0.0.1 on port 59108
DEBUG:root:Got TraCI message of length 2
DEBUG:root:Got TraCI command of length 1
DEBUG:root:Got TraCI command 0x0
DEBUG:root:Got CMD_GETVERSION
DEBUG:root:Got TraCI message of length 292
DEBUG:root:Got TraCI command of length 287
DEBUG:root:Got TraCI command 0x75
DEBUG:root:Got CMD_FILE_SEND for "sumo-launchd.launch.xml"
DEBUG:root:Got CMD_FILE_SEND with data "<launch>
  <copy file="sanfrancisco.net.xml"/>
  <copy file="sanfrancisco.rou.xml"/>
  <copy file="sanfrancisco.poly.xml"/>
  <copy file="sanfrancisco.sumo.cfg" type="config"/>
  <basedir path="/home/prodatalab/francisco/"/>
  <seed value="0"/>
</launch>
"
DEBUG:root:Creating temporary directory...
DEBUG:root:Temporary dir is /tmp/sumo-launchd-tmp-1krzyr
DEBUG:root:Base dir is /home/prodatalab/francisco/
DEBUG:root:Seed is 0
DEBUG:root:Finding free port number...
DEBUG:root:Claiming lock on port
DEBUG:root:...found port 51447
INFO:root:Starting SUMO (sumo-gui -c sanfrancisco.sumo.cfg) on port 51447, seed 0
DEBUG:root:Connecting to SUMO (sumo-gui -c sanfrancisco.sumo.cfg) on port 51447 (try 1)
DEBUG:root:Error ([Errno 111] Connection refused)
DEBUG:root:Connecting to SUMO (sumo-gui -c sanfrancisco.sumo.cfg) on port 51447 (try 2)
DEBUG:root:Releasing lock on port
DEBUG:root:Starting proxy mode
DEBUG:root:Done with proxy mode
DEBUG:root:Done with proxy mode, killing SUMO
DEBUG:root:SIGTERM
INFO:root:Done running SUMO
DEBUG:root:Cleaning up
DEBUG:root:Result: "<?xml version="1.0"?>
<status>
	<exit-code>-15</exit-code>
	<start>1409689038</start>
	<end>1409689096</end>
	<status>Exited with error code -15</status>
	<stdout><![CDATA[Loading configuration... done.
]]></stdout>
	<stderr><![CDATA[]]></stderr>
</status>
"
DEBUG:root:Closing connection from 127.0.0.1 on port 59108
DEBUG:root:Connection from 127.0.0.1 on port 59115
DEBUG:root:Handling connection from 127.0.0.1 on port 59115
DEBUG:root:Got TraCI message of length 2
DEBUG:root:Got TraCI command of length 1
DEBUG:root:Got TraCI command 0x0
DEBUG:root:Got CMD_GETVERSION
DEBUG:root:Got TraCI message of length 292
DEBUG:root:Got TraCI command of length 287
DEBUG:root:Got TraCI command 0x75
DEBUG:root:Got CMD_FILE_SEND for "sumo-launchd.launch.xml"
DEBUG:root:Got CMD_FILE_SEND with data "<launch>
  <copy file="sanfrancisco.net.xml"/>
  <copy file="sanfrancisco.rou.xml"/>
  <copy file="sanfrancisco.poly.xml"/>
  <copy file="sanfrancisco.sumo.cfg" type="config"/>
  <basedir path="/home/prodatalab/francisco/"/>
  <seed value="0"/>
</launch>
"
DEBUG:root:Creating temporary directory...
DEBUG:root:Temporary dir is /tmp/sumo-launchd-tmp-sZCr6v
DEBUG:root:Base dir is /home/prodatalab/francisco/
DEBUG:root:Seed is 0
DEBUG:root:Finding free port number...
DEBUG:root:Claiming lock on port
DEBUG:root:...found port 57432
INFO:root:Starting SUMO (sumo-gui -c sanfrancisco.sumo.cfg) on port 57432, seed 0
DEBUG:root:Connecting to SUMO (sumo-gui -c sanfrancisco.sumo.cfg) on port 57432 (try 1)
DEBUG:root:Error ([Errno 111] Connection refused)
DEBUG:root:Connecting to SUMO (sumo-gui -c sanfrancisco.sumo.cfg) on port 57432 (try 2)
DEBUG:root:Releasing lock on port
DEBUG:root:Starting proxy mode
DEBUG:root:Done with proxy mode
DEBUG:root:Done with proxy mode, killing SUMO
DEBUG:root:SIGTERM
INFO:root:Done running SUMO
DEBUG:root:Cleaning up
DEBUG:root:Result: "<?xml version="1.0"?>
<status>
	<exit-code>-15</exit-code>
	<start>1409689341</start>
	<end>1409689413</end>
	<status>Exited with error code -15</status>
	<stdout><![CDATA[Loading configuration... done.
]]></stdout>
	<stderr><![CDATA[]]></stderr>
</status>
"
DEBUG:root:Closing connection from 127.0.0.1 on port 59115
DEBUG:root:Connection from 127.0.0.1 on port 59119
DEBUG:root:Handling connection from 127.0.0.1 on port 59119
DEBUG:root:Got TraCI message of length 2
DEBUG:root:Got TraCI command of length 1
DEBUG:root:Got TraCI command 0x0
DEBUG:root:Got CMD_GETVERSION
DEBUG:root:Got TraCI message of length 292
DEBUG:root:Got TraCI command of length 287
DEBUG:root:Got TraCI command 0x75
DEBUG:root:Got CMD_FILE_SEND for "sumo-launchd.launch.xml"
DEBUG:root:Got CMD_FILE_SEND with data "<launch>
  <copy file="sanfrancisco.net.xml"/>
  <copy file="sanfrancisco.rou.xml"/>
  <copy file="sanfrancisco.poly.xml"/>
  <copy file="sanfrancisco.sumo.cfg" type="config"/>
  <basedir path="/home/prodatalab/francisco/"/>
  <seed value="0"/>
</launch>
"
DEBUG:root:Creating temporary directory...
DEBUG:root:Temporary dir is /tmp/sumo-launchd-tmp-XmWkk6
DEBUG:root:Base dir is /home/prodatalab/francisco/
DEBUG:root:Seed is 0
DEBUG:root:Finding free port number...
DEBUG:root:Claiming lock on port
DEBUG:root:...found port 38787
INFO:root:Starting SUMO (sumo-gui -c sanfrancisco.sumo.cfg) on port 38787, seed 0
DEBUG:root:Connecting to SUMO (sumo-gui -c sanfrancisco.sumo.cfg) on port 38787 (try 1)
DEBUG:root:Error ([Errno 111] Connection refused)
DEBUG:root:Connecting to SUMO (sumo-gui -c sanfrancisco.sumo.cfg) on port 38787 (try 2)
DEBUG:root:Releasing lock on port
DEBUG:root:Starting proxy mode
DEBUG:root:Done with proxy mode
DEBUG:root:Done with proxy mode, killing SUMO
DEBUG:root:SIGTERM
INFO:root:Done running SUMO
DEBUG:root:Cleaning up
DEBUG:root:Result: "<?xml version="1.0"?>
<status>
	<exit-code>-15</exit-code>
	<start>1409689496</start>
	<end>1409689570</end>
	<status>Exited with error code -15</status>
	<stdout><![CDATA[Loading configuration... done.
]]></stdout>
	<stderr><![CDATA[]]></stderr>
</status>
"
DEBUG:root:Closing connection from 127.0.0.1 on port 59119
DEBUG:root:Connection from 127.0.0.1 on port 59127
DEBUG:root:Handling connection from 127.0.0.1 on port 59127
DEBUG:root:Got TraCI message of length 2
DEBUG:root:Got TraCI command of length 1
DEBUG:root:Got TraCI command 0x0
DEBUG:root:Got CMD_GETVERSION
DEBUG:root:Got TraCI message of length 292
DEBUG:root:Got TraCI command of length 287
DEBUG:root:Got TraCI command 0x75
DEBUG:root:Got CMD_FILE_SEND for "sumo-launchd.launch.xml"
DEBUG:root:Got CMD_FILE_SEND with data "<launch>
  <copy file="sanfrancisco.net.xml"/>
  <copy file="sanfrancisco.rou.xml"/>
  <copy file="sanfrancisco.poly.xml"/>
  <copy file="sanfrancisco.sumo.cfg" type="config"/>
  <basedir path="/home/prodatalab/francisco/"/>
  <seed value="0"/>
</launch>
"
DEBUG:root:Creating temporary directory...
DEBUG:root:Temporary dir is /tmp/sumo-launchd-tmp-tmNcYF
DEBUG:root:Base dir is /home/prodatalab/francisco/
DEBUG:root:Seed is 0
DEBUG:root:Finding free port number...
DEBUG:root:Claiming lock on port
DEBUG:root:...found port 48661
INFO:root:Starting SUMO (sumo-gui -c sanfrancisco.sumo.cfg) on port 48661, seed 0
DEBUG:root:Connecting to SUMO (sumo-gui -c sanfrancisco.sumo.cfg) on port 48661 (try 1)
DEBUG:root:Error ([Errno 111] Connection refused)
DEBUG:root:Connecting to SUMO (sumo-gui -c sanfrancisco.sumo.cfg) on port 48661 (try 2)
DEBUG:root:Releasing lock on port
DEBUG:root:Starting proxy mode
DEBUG:root:Done with proxy mode
DEBUG:root:Done with proxy mode, killing SUMO
DEBUG:root:SIGTERM
INFO:root:Done running SUMO
DEBUG:root:Cleaning up
DEBUG:root:Result: "<?xml version="1.0"?>
<status>
	<exit-code>-15</exit-code>
	<start>1409690162</start>
	<end>1409690252</end>
	<status>Exited with error code -15</status>
	<stdout><![CDATA[Loading configuration... done.
]]></stdout>
	<stderr><![CDATA[]]></stderr>
</status>
"
DEBUG:root:Closing connection from 127.0.0.1 on port 59127
DEBUG:root:Connection from 127.0.0.1 on port 59134
DEBUG:root:Handling connection from 127.0.0.1 on port 59134
DEBUG:root:Got TraCI message of length 2
DEBUG:root:Got TraCI command of length 1
DEBUG:root:Got TraCI command 0x0
DEBUG:root:Got CMD_GETVERSION
DEBUG:root:Got TraCI message of length 292
DEBUG:root:Got TraCI command of length 287
DEBUG:root:Got TraCI command 0x75
DEBUG:root:Got CMD_FILE_SEND for "sumo-launchd.launch.xml"
DEBUG:root:Got CMD_FILE_SEND with data "<launch>
  <copy file="sanfrancisco.net.xml"/>
  <copy file="sanfrancisco.rou.xml"/>
  <copy file="sanfrancisco.poly.xml"/>
  <copy file="sanfrancisco.sumo.cfg" type="config"/>
  <basedir path="/home/prodatalab/francisco/"/>
  <seed value="0"/>
</launch>
"
DEBUG:root:Creating temporary directory...
DEBUG:root:Temporary dir is /tmp/sumo-launchd-tmp-Kup26e
DEBUG:root:Base dir is /home/prodatalab/francisco/
DEBUG:root:Seed is 0
DEBUG:root:Finding free port number...
DEBUG:root:Claiming lock on port
DEBUG:root:...found port 54177
INFO:root:Starting SUMO (sumo-gui -c sanfrancisco.sumo.cfg) on port 54177, seed 0
DEBUG:root:Connecting to SUMO (sumo-gui -c sanfrancisco.sumo.cfg) on port 54177 (try 1)
DEBUG:root:Error ([Errno 111] Connection refused)
DEBUG:root:Connecting to SUMO (sumo-gui -c sanfrancisco.sumo.cfg) on port 54177 (try 2)
DEBUG:root:Releasing lock on port
DEBUG:root:Starting proxy mode
DEBUG:root:Done with proxy mode
DEBUG:root:Done with proxy mode, killing SUMO
DEBUG:root:SIGTERM
INFO:root:Done running SUMO
DEBUG:root:Cleaning up
DEBUG:root:Result: "<?xml version="1.0"?>
<status>
	<exit-code>-15</exit-code>
	<start>1409690344</start>
	<end>1409690398</end>
	<status>Exited with error code -15</status>
	<stdout><![CDATA[Loading configuration... done.
]]></stdout>
	<stderr><![CDATA[]]></stderr>
</status>
"
DEBUG:root:Closing connection from 127.0.0.1 on port 59134
DEBUG:root:Connection from 127.0.0.1 on port 59150
DEBUG:root:Handling connection from 127.0.0.1 on port 59150
DEBUG:root:Got TraCI message of length 2
DEBUG:root:Got TraCI command of length 1
DEBUG:root:Got TraCI command 0x0
DEBUG:root:Got CMD_GETVERSION
DEBUG:root:Got TraCI message of length 292
DEBUG:root:Got TraCI command of length 287
DEBUG:root:Got TraCI command 0x75
DEBUG:root:Got CMD_FILE_SEND for "sumo-launchd.launch.xml"
DEBUG:root:Got CMD_FILE_SEND with data "<launch>
  <copy file="sanfrancisco.net.xml"/>
  <copy file="sanfrancisco.rou.xml"/>
  <copy file="sanfrancisco.poly.xml"/>
  <copy file="sanfrancisco.sumo.cfg" type="config"/>
  <basedir path="/home/prodatalab/francisco/"/>
  <seed value="0"/>
</launch>
"
DEBUG:root:Creating temporary directory...
DEBUG:root:Temporary dir is /tmp/sumo-launchd-tmp-g3uVzc
DEBUG:root:Base dir is /home/prodatalab/francisco/
DEBUG:root:Seed is 0
DEBUG:root:Finding free port number...
DEBUG:root:Claiming lock on port
DEBUG:root:...found port 60393
INFO:root:Starting SUMO (sumo-gui -c sanfrancisco.sumo.cfg) on port 60393, seed 0
DEBUG:root:Connecting to SUMO (sumo-gui -c sanfrancisco.sumo.cfg) on port 60393 (try 1)
DEBUG:root:Error ([Errno 111] Connection refused)
DEBUG:root:Connecting to SUMO (sumo-gui -c sanfrancisco.sumo.cfg) on port 60393 (try 2)
DEBUG:root:Releasing lock on port
DEBUG:root:Starting proxy mode
DEBUG:root:Done with proxy mode
DEBUG:root:Done with proxy mode, killing SUMO
DEBUG:root:SIGTERM
INFO:root:Done running SUMO
DEBUG:root:Cleaning up
DEBUG:root:Result: "<?xml version="1.0"?>
<status>
	<exit-code>-15</exit-code>
	<start>1409690588</start>
	<end>1409690639</end>
	<status>Exited with error code -15</status>
	<stdout><![CDATA[Loading configuration... done.
]]></stdout>
	<stderr><![CDATA[]]></stderr>
</status>
"
DEBUG:root:Closing connection from 127.0.0.1 on port 59150
DEBUG:root:Connection from 127.0.0.1 on port 59153
DEBUG:root:Handling connection from 127.0.0.1 on port 59153
DEBUG:root:Got TraCI message of length 2
DEBUG:root:Got TraCI command of length 1
DEBUG:root:Got TraCI command 0x0
DEBUG:root:Got CMD_GETVERSION
DEBUG:root:Got TraCI message of length 292
DEBUG:root:Got TraCI command of length 287
DEBUG:root:Got TraCI command 0x75
DEBUG:root:Got CMD_FILE_SEND for "sumo-launchd.launch.xml"
DEBUG:root:Got CMD_FILE_SEND with data "<launch>
  <copy file="sanfrancisco.net.xml"/>
  <copy file="sanfrancisco.rou.xml"/>
  <copy file="sanfrancisco.poly.xml"/>
  <copy file="sanfrancisco.sumo.cfg" type="config"/>
  <basedir path="/home/prodatalab/francisco/"/>
  <seed value="0"/>
</launch>
"
DEBUG:root:Creating temporary directory...
DEBUG:root:Temporary dir is /tmp/sumo-launchd-tmp-_aaLeL
DEBUG:root:Base dir is /home/prodatalab/francisco/
DEBUG:root:Seed is 0
DEBUG:root:Finding free port number...
DEBUG:root:Claiming lock on port
DEBUG:root:...found port 58206
INFO:root:Starting SUMO (sumo-gui -c sanfrancisco.sumo.cfg) on port 58206, seed 0
DEBUG:root:Connecting to SUMO (sumo-gui -c sanfrancisco.sumo.cfg) on port 58206 (try 1)
DEBUG:root:Error ([Errno 111] Connection refused)
DEBUG:root:Connecting to SUMO (sumo-gui -c sanfrancisco.sumo.cfg) on port 58206 (try 2)
DEBUG:root:Releasing lock on port
DEBUG:root:Starting proxy mode
DEBUG:root:Done with proxy mode
DEBUG:root:Done with proxy mode, killing SUMO
DEBUG:root:SIGTERM
INFO:root:Done running SUMO
DEBUG:root:Cleaning up
DEBUG:root:Result: "<?xml version="1.0"?>
<status>
	<exit-code>-15</exit-code>
	<start>1409690725</start>
	<end>1409690797</end>
	<status>Exited with error code -15</status>
	<stdout><![CDATA[Loading configuration... done.
]]></stdout>
	<stderr><![CDATA[]]></stderr>
</status>
"
DEBUG:root:Closing connection from 127.0.0.1 on port 59153
DEBUG:root:Connection from 127.0.0.1 on port 59157
DEBUG:root:Handling connection from 127.0.0.1 on port 59157
DEBUG:root:Got TraCI message of length 2
DEBUG:root:Got TraCI command of length 1
DEBUG:root:Got TraCI command 0x0
DEBUG:root:Got CMD_GETVERSION
DEBUG:root:Got TraCI message of length 292
DEBUG:root:Got TraCI command of length 287
DEBUG:root:Got TraCI command 0x75
DEBUG:root:Got CMD_FILE_SEND for "sumo-launchd.launch.xml"
DEBUG:root:Got CMD_FILE_SEND with data "<launch>
  <copy file="sanfrancisco.net.xml"/>
  <copy file="sanfrancisco.rou.xml"/>
  <copy file="sanfrancisco.poly.xml"/>
  <copy file="sanfrancisco.sumo.cfg" type="config"/>
  <basedir path="/home/prodatalab/francisco/"/>
  <seed value="0"/>
</launch>
"
DEBUG:root:Creating temporary directory...
DEBUG:root:Temporary dir is /tmp/sumo-launchd-tmp-5xOgNK
DEBUG:root:Base dir is /home/prodatalab/francisco/
DEBUG:root:Seed is 0
DEBUG:root:Finding free port number...
DEBUG:root:Claiming lock on port
DEBUG:root:...found port 38282
INFO:root:Starting SUMO (sumo-gui -c sanfrancisco.sumo.cfg) on port 38282, seed 0
DEBUG:root:Connecting to SUMO (sumo-gui -c sanfrancisco.sumo.cfg) on port 38282 (try 1)
DEBUG:root:Error ([Errno 111] Connection refused)
DEBUG:root:Connecting to SUMO (sumo-gui -c sanfrancisco.sumo.cfg) on port 38282 (try 2)
DEBUG:root:Releasing lock on port
DEBUG:root:Starting proxy mode
DEBUG:root:Done with proxy mode
DEBUG:root:Done with proxy mode, killing SUMO
DEBUG:root:SIGTERM
INFO:root:Done running SUMO
DEBUG:root:Cleaning up
DEBUG:root:Result: "<?xml version="1.0"?>
<status>
	<exit-code>-15</exit-code>
	<start>1409690876</start>
	<end>1409690929</end>
	<status>Exited with error code -15</status>
	<stdout><![CDATA[Loading configuration... done.
]]></stdout>
	<stderr><![CDATA[]]></stderr>
</status>
"
DEBUG:root:Closing connection from 127.0.0.1 on port 59157
DEBUG:root:Connection from 127.0.0.1 on port 59166
DEBUG:root:Handling connection from 127.0.0.1 on port 59166
DEBUG:root:Got TraCI message of length 2
DEBUG:root:Got TraCI command of length 1
DEBUG:root:Got TraCI command 0x0
DEBUG:root:Got CMD_GETVERSION
DEBUG:root:Got TraCI message of length 292
DEBUG:root:Got TraCI command of length 287
DEBUG:root:Got TraCI command 0x75
DEBUG:root:Got CMD_FILE_SEND for "sumo-launchd.launch.xml"
DEBUG:root:Got CMD_FILE_SEND with data "<launch>
  <copy file="sanfrancisco.net.xml"/>
  <copy file="sanfrancisco.rou.xml"/>
  <copy file="sanfrancisco.poly.xml"/>
  <copy file="sanfrancisco.sumo.cfg" type="config"/>
  <basedir path="/home/prodatalab/francisco/"/>
  <seed value="0"/>
</launch>
"
DEBUG:root:Creating temporary directory...
DEBUG:root:Temporary dir is /tmp/sumo-launchd-tmp-ocY2la
DEBUG:root:Base dir is /home/prodatalab/francisco/
DEBUG:root:Seed is 0
DEBUG:root:Finding free port number...
DEBUG:root:Claiming lock on port
DEBUG:root:...found port 54949
INFO:root:Starting SUMO (sumo-gui -c sanfrancisco.sumo.cfg) on port 54949, seed 0
DEBUG:root:Connecting to SUMO (sumo-gui -c sanfrancisco.sumo.cfg) on port 54949 (try 1)
DEBUG:root:Error ([Errno 111] Connection refused)
DEBUG:root:Connecting to SUMO (sumo-gui -c sanfrancisco.sumo.cfg) on port 54949 (try 2)
DEBUG:root:Releasing lock on port
DEBUG:root:Starting proxy mode
DEBUG:root:Done with proxy mode
DEBUG:root:Done with proxy mode, killing SUMO
DEBUG:root:SIGTERM
INFO:root:Done running SUMO
DEBUG:root:Cleaning up
DEBUG:root:Result: "<?xml version="1.0"?>
<status>
	<exit-code>-15</exit-code>
	<start>1409691057</start>
	<end>1409691134</end>
	<status>Exited with error code -15</status>
	<stdout><![CDATA[Loading configuration... done.
]]></stdout>
	<stderr><![CDATA[]]></stderr>
</status>
"
DEBUG:root:Closing connection from 127.0.0.1 on port 59166
WARNING:root:Keyboard interrupt.
INFO:root:Shutting down.
